setting goal:  3
 --- MBRecs --- 
    p**3  =  x**3*y**3 + 3*x**3*y**2/2 + 3*x**3*y/2 + x**3/2 + 3*x**2*y**3/2 + 3*x*y**3/2 + y**3/2
    x**3*y**3  =  x**3*y**3 + 3*x**3*y**2/2 + 3*x**3*y/2 + x**3/2 + 3*x**2*y**3/2 + 3*x*y**3/2 + y**3/2
    x*y**3  =  x*y**3 + 3*x*y**2/2 + 3*x*y/2 + x/2 + y**3/2
    x**2*y**3  =  x**2*y**3 + 3*x**2*y**2/2 + 3*x**2*y/2 + x**2/2 + x*y**3 + y**3/2
    x  =  x + 1/2
    x**2*y**2  =  x**2*y**2 + x**2*y + x**2/2 + x*y**2 + y**2/2
    x**3*y  =  x**3*y + x**3/2 + 3*x**2*y/2 + 3*x*y/2 + y/2
    y  =  y + 1/2
    y**3  =  y**3 + 3*y**2/2 + 3*y/2 + 1/2
    x*y**2  =  x*y**2 + x*y + x/2 + y**2/2
    x**3*y**2  =  x**3*y**2 + x**3*y + x**3/2 + 3*x**2*y**2/2 + 3*x*y**2/2 + y**2/2
    f**3  =  1/2
    x**3  =  x**3 + 3*x**2/2 + 3*x/2 + 1/2
    x*y  =  x*y + x/2 + y/2
    x**2*y  =  x**2*y + x**2/2 + x*y + y/2
    x**2  =  x**2 + x + 1/2
    y**2  =  y**2 + y + 1/2

 Solving for p^3  with initial condition p^3(0) = 0
 Solving for y^3x^3  with initial condition y^3x^3(0) = 0
 Solving for y^3x^2  with initial condition y^3x^2(0) = 0
 Solving for y^3x^1  with initial condition y^3x^1(0) = 0
 Solving for y^3  with initial condition y^3(0) = 0
 Solving for y^2  with initial condition y^2(0) = 0
 Solving for y^1  with initial condition y^1(0) = 0
    y^1(n)    ->  n/2
    y^2(n)    ->  n*(n + 1)/4
    y^3(n)    ->  n**2*(n + 3)/8
 Solving for y^2x^1  with initial condition y^2x^1(0) = 0
 Solving for y^1x^1  with initial condition y^1x^1(0) = 0
 Solving for x^1  with initial condition x^1(0) = 0
    x^1(n)    ->  n/2
    y^1x^1(n)    ->  n*(n - 1)/4
    y^2x^1(n)    ->  n**2*(n - 1)/8
    y^3x^1(n)    ->  n*(n**3 - 3*n + 2)/16
 Solving for y^2x^2  with initial condition y^2x^2(0) = 0
 Solving for y^1x^2  with initial condition y^1x^2(0) = 0
 Solving for x^2  with initial condition x^2(0) = 0
    x^2(n)    ->  n*(n + 1)/4
    y^1x^2(n)    ->  n**2*(n - 1)/8
    y^2x^2(n)    ->  n*(n**3 - 2*n**2 + 3*n - 2)/16
    y^3x^2(n)    ->  n**2*(n**3 - 2*n**2 + 3*n - 2)/32
 Solving for y^2x^3  with initial condition y^2x^3(0) = 0
 Solving for y^1x^3  with initial condition y^1x^3(0) = 0
 Solving for x^3  with initial condition x^3(0) = 0
    x^3(n)    ->  n**2*(n + 3)/8
    y^1x^3(n)    ->  n*(n**3 - 3*n + 2)/16
    y^2x^3(n)    ->  n**2*(n**3 - 2*n**2 + 3*n - 2)/32
    y^3x^3(n)    ->  n*(n**5 - 3*n**4 + 9*n**3 - 21*n**2 + 30*n - 16)/64
    p^3(n)    ->  (n - 1)**2*(n + 2)/8 + 3*(n - 1)**2*(3*n + (n - 1)**3 - 2*(n - 1)**2 - 5)/32 + 3*(n - 1)*(-3*n + (n - 1)**3 + 5)/16 + (n - 1)*(30*n + (n - 1)**5 - 3*(n - 1)**4 + 9*(n - 1)**3 - 21*(n - 1)**2 - 46)/64
 Solution found
   p^3  =  (n - 1)**2*(n + 2)/8 + 3*(n - 1)**2*(3*n + (n - 1)**3 - 2*(n - 1)**2 - 5)/32 + 3*(n - 1)*(-3*n + (n - 1)**3 + 5)/16 + (n - 1)*(30*n + (n - 1)**5 - 3*(n - 1)**4 + 9*(n - 1)**3 - 21*(n - 1)**2 - 46)/64
 Solution found
   y^3x^3  =  n*(n**5 - 3*n**4 + 9*n**3 - 21*n**2 + 30*n - 16)/64
 Solution found
   y^3x^1  =  n*(n**3 - 3*n + 2)/16
 Solution found
   y^3x^2  =  n**2*(n**3 - 2*n**2 + 3*n - 2)/32
 Solution found
   x^1  =  n/2
 Solution found
   y^2x^2  =  n*(n**3 - 2*n**2 + 3*n - 2)/16
 Solution found
   y^1x^3  =  n*(n**3 - 3*n + 2)/16
 Solution found
   y^1  =  n/2
 Solution found
   y^3  =  n**2*(n + 3)/8
 Solution found
   y^2x^1  =  n**2*(n - 1)/8
 Solution found
   y^2x^3  =  n**2*(n**3 - 2*n**2 + 3*n - 2)/32
 Solving for f^3  with initial condition f^3(0) = 0
    f^3(n)    ->  1/2
 Solution found
   f^3  =  1/2
 Solution found
   x^3  =  n**2*(n + 3)/8
 Solution found
   y^1x^1  =  n*(n - 1)/4
 Solution found
   y^1x^2  =  n**2*(n - 1)/8
 Solution found
   x^2  =  n*(n + 1)/4
 Solution found
   y^2  =  n*(n + 1)/4

Moment based invariants for program product-dep-var, with invariants over [f**3, p**3, x**3, y**3]:
 E[y^1] = n/2
 E[y^2] = n*(n + 1)/4
 E[y^3] = n**2*(n + 3)/8
 E[x^1] = n/2
 E[y^1x^1] = n*(n - 1)/4
 E[y^2x^1] = n**2*(n - 1)/8
 E[y^3x^1] = n*(n**3 - 3*n + 2)/16
 E[x^2] = n*(n + 1)/4
 E[y^1x^2] = n**2*(n - 1)/8
 E[y^2x^2] = n*(n**3 - 2*n**2 + 3*n - 2)/16
 E[y^3x^2] = n**2*(n**3 - 2*n**2 + 3*n - 2)/32
 E[x^3] = n**2*(n + 3)/8
 E[y^1x^3] = n*(n**3 - 3*n + 2)/16
 E[y^2x^3] = n**2*(n**3 - 2*n**2 + 3*n - 2)/32
 E[y^3x^3] = n*(n**5 - 3*n**4 + 9*n**3 - 21*n**2 + 30*n - 16)/64
 E[p^3] = n*(n**5 - 3*n**4 + 9*n**3 - 21*n**2 + 30*n - 16)/64
 E[f^3] = 1/2
Computation time 4.157473863000632s.
