setting goal:  2
 --- MBRecs --- 
    y**2  =  y**2 + y + 1/2
    x**2  =  x**2 + x + 1/2
    x  =  x + 1/2
    f**2  =  1/2
    p**2  =  x**2*y**2 + x**2*y + x**2/2 + x*y**2 + y**2/2
    y  =  y + 1/2
    x**2*y  =  x**2*y + x**2/2 + x*y + y/2
    x*y  =  x*y + x/2 + y/2
    x*y**2  =  x*y**2 + x*y + x/2 + y**2/2
    x**2*y**2  =  x**2*y**2 + x**2*y + x**2/2 + x*y**2 + y**2/2

 Solving for y^2  with initial condition y^2(0) = 0
 Solving for y^1  with initial condition y^1(0) = 0
    y^1(n)    ->  n/2
    y^2(n)    ->  n*(n + 1)/4
 Solution found
   y^2  =  n*(n + 1)/4
 Solving for x^2  with initial condition x^2(0) = 0
 Solving for x^1  with initial condition x^1(0) = 0
    x^1(n)    ->  n/2
    x^2(n)    ->  n*(n + 1)/4
 Solution found
   x^2  =  n*(n + 1)/4
 Solution found
   x^1  =  n/2
 Solving for f^2  with initial condition f^2(0) = 0
    f^2(n)    ->  1/2
 Solution found
   f^2  =  1/2
 Solving for p^2  with initial condition p^2(0) = 0
 Solving for y^2x^2  with initial condition y^2x^2(0) = 0
 Solving for y^2x^1  with initial condition y^2x^1(0) = 0
 Solving for y^1x^1  with initial condition y^1x^1(0) = 0
    y^1x^1(n)    ->  n*(n - 1)/4
    y^2x^1(n)    ->  n**2*(n - 1)/8
 Solving for y^1x^2  with initial condition y^1x^2(0) = 0
    y^1x^2(n)    ->  n**2*(n - 1)/8
    y^2x^2(n)    ->  n*(n**3 - 2*n**2 + 3*n - 2)/16
    p^2(n)    ->  n*(n - 1)/4 + (n - 2)*(n - 1)**2/4 + (n - 1)*(3*n + (n - 1)**3 - 2*(n - 1)**2 - 5)/16
 Solution found
   p^2  =  n*(n - 1)/4 + (n - 2)*(n - 1)**2/4 + (n - 1)*(3*n + (n - 1)**3 - 2*(n - 1)**2 - 5)/16
 Solution found
   y^1  =  n/2
 Solution found
   y^1x^2  =  n**2*(n - 1)/8
 Solution found
   y^1x^1  =  n*(n - 1)/4
 Solution found
   y^2x^1  =  n**2*(n - 1)/8
 Solution found
   y^2x^2  =  n*(n**3 - 2*n**2 + 3*n - 2)/16

Moment based invariants for program product-dep-var, with invariants over [y**2, x**2, f**2, p**2]:
 E[y^1] = n/2
 E[y^2] = n*(n + 1)/4
 E[x^1] = n/2
 E[x^2] = n*(n + 1)/4
 E[f^2] = 1/2
 E[y^1x^1] = n*(n - 1)/4
 E[y^2x^1] = n**2*(n - 1)/8
 E[y^1x^2] = n**2*(n - 1)/8
 E[y^2x^2] = n*(n**3 - 2*n**2 + 3*n - 2)/16
 E[p^2] = n*(n**3 - 2*n**2 + 3*n - 2)/16
Computation time 1.4936174570011644s.
