setting goal:  3
 --- MBRecs --- 
    y**3  =  y**3 + 3*y/2
    y  =  y
    h**3  =  1/2
    x**3  =  x**3 + 3*x/2
    x  =  x

 Solving for y^3  with initial condition y^3(0) = 0
 Solving for y^1  with initial condition y^1(0) = 0
    y^1(n)    ->  0
    y^3(n)    ->  0
 Solution found
   y^3  =  0
 Solution found
   y^1  =  0
 Solving for h^3  with initial condition h^3(0) = 0
    h^3(n)    ->  1/2
 Solution found
   h^3  =  1/2
 Solving for x^3  with initial condition x^3(0) = 0
 Solving for x^1  with initial condition x^1(0) = 0
    x^1(n)    ->  0
    x^3(n)    ->  0
 Solution found
   x^3  =  0
 Solution found
   x^1  =  0

Moment based invariants for program random-walk-2d, with invariants over [y**3, h**3, x**3]:
 E[y^1] = 0
 E[y^3] = 0
 E[h^3] = 1/2
 E[x^1] = 0
 E[x^3] = 0
Computation time 0.16342075399916212s.
