setting goal:  2
 --- MBRecs --- 
    y**2  =  d**2 + y**2 + 3*y + 3
    v**2  =  d**2/3 + 1
    x**2  =  d**2/4 + x**2 + 3*x/2 + 3/4
    s**2  =  d**4/3 + 2*d**2 + s**2 + 2*s*x*y + 3*s*x + 3*s*y/2 + 3*s + x**2*y**2 + 3*x**2*y + x**2*(d**2 + 3) + 3*x*y**2/2 + 6*x*y + x*(2*d**2 + 6) + y**2*(d**2/4 + 3/4) + y*(d**2 + 3) + 3
    s*y  =  d**2 + s*y + 3*s/2 + x*y**2 + 3*x*y + x*(d**2 + 3) + 3*y**2/4 + 3*y + 3
    x*y**2  =  d**2 + x*y**2 + 3*x*y + x*(d**2 + 3) + 3*y**2/4 + 3*y + 3
    x**2*y**2  =  d**4/3 + 2*d**2 + x**2*y**2 + 3*x**2*y + x**2*(d**2 + 3) + 3*x*y**2/2 + 6*x*y + x*(2*d**2 + 6) + y**2*(d**2/4 + 3/4) + y*(d**2 + 3) + 3
    s*x  =  d**2/2 + s*x + 3*s/4 + x**2*y + 3*x**2/2 + 3*x*y/2 + 3*x + y*(d**2/4 + 3/4) + 3/2
    f**2  =  3/4
    y  =  y + 3/2
    s*x*y  =  d**4/3 + 2*d**2 + s*x*y + 3*s*x/2 + 3*s*y/4 + 3*s/2 + x**2*y**2 + 3*x**2*y + x**2*(d**2 + 3) + 3*x*y**2/2 + 6*x*y + x*(2*d**2 + 6) + y**2*(d**2/4 + 3/4) + y*(d**2 + 3) + 3
    w**2  =  4*d**2/3 + 4
    s  =  s + x*y + 3*x/2 + 3*y/4 + 3/2
    x  =  x + 3/4
    x*y  =  x*y + 3*x/2 + 3*y/4 + 3/2
    x**2*y  =  d**2/2 + x**2*y + 3*x**2/2 + 3*x*y/2 + 3*x + y*(d**2/4 + 3/4) + 3/2

 Solving for y^2  with initial condition y^2(0) = 1
 Solving for y^1  with initial condition y^1(0) = 1
    y^1(n)    ->  3*n/2 + 1
    y^2(n)    ->  n*(4*d**2 + 9*n + 15)/4 + 1
 Solution found
   y^2  =  n*(4*d**2 + 9*n + 15)/4 + 1
 Solving for v^2  with initial condition v^2(0) = 0
    v^2(n)    ->  d**2/3 + 1
 Solution found
   v^2  =  d**2/3 + 1
 Solving for x^2  with initial condition x^2(0) = 1
 Solving for x^1  with initial condition x^1(0) = -1
    x^1(n)    ->  3*n/4 - 1
    x^2(n)    ->  n*(4*d**2 + 9*n - 21)/16 + 1
 Solution found
   x^2  =  n*(4*d**2 + 9*n - 21)/16 + 1
 Solving for s^2  with initial condition s^2(0) = 0
 Solving for s^1y^1x^1  with initial condition s^1y^1x^1(0) = 0
 Solving for s^1y^1  with initial condition s^1y^1(0) = 0
 Solving for s^1  with initial condition s^1(0) = 0
 Solving for y^1x^1  with initial condition y^1x^1(0) = 1
    y^1x^1(n)    ->  3*n*(3*n - 1)/8 + 1
    s^1(n)    ->  n*(3*n**2 + 3*n + 8)/8
 Solving for y^2x^1  with initial condition y^2x^1(0) = 1
    y^2x^1(n)    ->  3*n*(4*d**2*n - 4*d**2 + 9*n**2 + 9*n + 18)/16 + 1
    s^1y^1(n)    ->  n*(4*d**2*n**2 - 4*d**2 + 9*n**3 + 21*n**2 + 57*n + 37)/16
 Solving for s^1x^1  with initial condition s^1x^1(0) = 0
 Solving for y^1x^2  with initial condition y^1x^2(0) = 1
    y^1x^2(n)    ->  3*n*(4*d**2*n + 4*d**2 + 9*n**2 - 9*n + 24)/32 + 1
    s^1x^1(n)    ->  n*(4*d**2*n**2 + 12*d**2*n + 8*d**2 + 9*n**3 + 3*n**2 + 39*n + 53)/32
 Solving for y^2x^2  with initial condition y^2x^2(0) = 1
    y^2x^2(n)    ->  n*(48*d**4*n + 16*d**4 + 216*d**2*n**2 + 72*d**2*n + 144*d**2 + 243*n**3 + 162*n**2 + 945*n + 1386)/192 + 1
    s^1y^1x^1(n)    ->  n*(16*d**4*n**2 + 32*d**4*n + 16*d**4 + 72*d**2*n**3 + 132*d**2*n**2 + 144*d**2*n + 84*d**2 + 81*n**4 + 162*n**3 + 693*n**2 + 1350*n + 642)/192
    s^2(n)    ->  n*(120*d**4*n**3 + 320*d**4*n**2 + 360*d**4*n + 160*d**4 + 432*d**2*n**4 + 1260*d**2*n**3 + 2160*d**2*n**2 + 1980*d**2*n + 648*d**2 + 405*n**5 + 1458*n**4 + 6210*n**3 + 18360*n**2 + 16785*n + 702)/2880
 Solution found
   s^2  =  n*(120*d**4*n**3 + 320*d**4*n**2 + 360*d**4*n + 160*d**4 + 432*d**2*n**4 + 1260*d**2*n**3 + 2160*d**2*n**2 + 1980*d**2*n + 648*d**2 + 405*n**5 + 1458*n**4 + 6210*n**3 + 18360*n**2 + 16785*n + 702)/2880
 Solution found
   s^1y^1  =  n*(4*d**2*n**2 - 4*d**2 + 9*n**3 + 21*n**2 + 57*n + 37)/16
 Solution found
   y^2x^1  =  3*n*(4*d**2*n - 4*d**2 + 9*n**2 + 9*n + 18)/16 + 1
 Solution found
   y^2x^2  =  n*(48*d**4*n + 16*d**4 + 216*d**2*n**2 + 72*d**2*n + 144*d**2 + 243*n**3 + 162*n**2 + 945*n + 1386)/192 + 1
 Solution found
   s^1x^1  =  n*(4*d**2*n**2 + 12*d**2*n + 8*d**2 + 9*n**3 + 3*n**2 + 39*n + 53)/32
 Solving for f^2  with initial condition f^2(0) = 0
    f^2(n)    ->  3/4
 Solution found
   f^2  =  3/4
 Solution found
   y^1  =  3*n/2 + 1
 Solution found
   s^1y^1x^1  =  n*(16*d**4*n**2 + 32*d**4*n + 16*d**4 + 72*d**2*n**3 + 132*d**2*n**2 + 144*d**2*n + 84*d**2 + 81*n**4 + 162*n**3 + 693*n**2 + 1350*n + 642)/192
 Solving for w^2  with initial condition w^2(0) = 0
    w^2(n)    ->  4*d**2/3 + 4
 Solution found
   w^2  =  4*d**2/3 + 4
 Solution found
   s^1  =  n*(3*n**2 + 3*n + 8)/8
 Solution found
   x^1  =  3*n/4 - 1
 Solution found
   y^1x^1  =  3*n*(3*n - 1)/8 + 1
 Solution found
   y^1x^2  =  3*n*(4*d**2*n + 4*d**2 + 9*n**2 - 9*n + 24)/32 + 1

Moment based invariants for program stuttering-c, with invariants over [y**2, v**2, x**2, s**2, w**2, f**2]:
 E[y^1] = 3*n/2 + 1
 E[y^2] = n*(4*d**2 + 9*n + 15)/4 + 1
 E[v^2] = d**2/3 + 1
 E[x^1] = 3*n/4 - 1
 E[x^2] = n*(4*d**2 + 9*n - 21)/16 + 1
 E[y^1x^1] = 3*n*(3*n - 1)/8 + 1
 E[s^1] = n*(3*n**2 + 3*n + 8)/8
 E[y^2x^1] = 3*n*(4*d**2*n - 4*d**2 + 9*n**2 + 9*n + 18)/16 + 1
 E[s^1y^1] = n*(4*d**2*n**2 - 4*d**2 + 9*n**3 + 21*n**2 + 57*n + 37)/16
 E[y^1x^2] = 3*n*(4*d**2*n + 4*d**2 + 9*n**2 - 9*n + 24)/32 + 1
 E[s^1x^1] = n*(4*d**2*n**2 + 12*d**2*n + 8*d**2 + 9*n**3 + 3*n**2 + 39*n + 53)/32
 E[y^2x^2] = n*(48*d**4*n + 16*d**4 + 216*d**2*n**2 + 72*d**2*n + 144*d**2 + 243*n**3 + 162*n**2 + 945*n + 1386)/192 + 1
 E[s^1y^1x^1] = n*(16*d**4*n**2 + 32*d**4*n + 16*d**4 + 72*d**2*n**3 + 132*d**2*n**2 + 144*d**2*n + 84*d**2 + 81*n**4 + 162*n**3 + 693*n**2 + 1350*n + 642)/192
 E[s^2] = n*(120*d**4*n**3 + 320*d**4*n**2 + 360*d**4*n + 160*d**4 + 432*d**2*n**4 + 1260*d**2*n**3 + 2160*d**2*n**2 + 1980*d**2*n + 648*d**2 + 405*n**5 + 1458*n**4 + 6210*n**3 + 18360*n**2 + 16785*n + 702)/2880
 E[f^2] = 3/4
 E[w^2] = 4*d**2/3 + 4
Computation time 12.760454209999807s.
