setting goal:  3
 --- MBRecs --- 
    s**3  =  x**3 + 3*x**2*y + 27*x**2/4 + 3*x*y**2 + 27*x*y/2 + 321*x/4 + y**3 + 27*y**2/4 + 321*y/4 + 801/4
    y**3  =  y**3 + 9*y**2/2 + 57*y + 102
    x*y**2  =  x*y**2 + 3*x*y + 19*x + 3*y**2/4 + 3*y + 19
    y**2  =  y**2 + 3*y + 19
    x*y  =  x*y + 3*x/2 + 3*y/4 + 3/2
    x  =  x + 3/4
    x**2  =  x**2 + 3*x/2 + 19/4
    x**2*y  =  x**2*y + 3*x**2/2 + 3*x*y/2 + 3*x + 19*y/4 + 19/2
    f**3  =  3/4
    x**3  =  x**3 + 9*x**2/4 + 57*x/4 + 51/4
    w**3  =  136
    y  =  y + 3/2
    v**3  =  17

 Solving for s^3  with initial condition s^3(0) = 0
 Solving for y^3  with initial condition y^3(0) = 65
 Solving for y^2  with initial condition y^2(0) = 67/3
 Solving for y^1  with initial condition y^1(0) = 1
    y^1(n)    ->  3*n/2 + 1
    y^2(n)    ->  n*(9*n + 79)/4 + 67/3
    y^3(n)    ->  3*n*(9*n**2 + 219*n + 464)/8 + 65
 Solving for y^2x^1  with initial condition y^2x^1(0) = 4741/5
 Solving for y^1x^1  with initial condition y^1x^1(0) = 67/3
 Solving for x^1  with initial condition x^1(0) = -1
    x^1(n)    ->  3*n/4 - 1
    y^1x^1(n)    ->  3*n*(3*n - 1)/8 + 67/3
    y^2x^1(n)    ->  n*(27*n**2 + 219*n + 1142)/16 + 4741/5
 Solving for y^1x^2  with initial condition y^1x^2(0) = 300763/27
 Solving for x^2  with initial condition x^2(0) = 67/3
    x^2(n)    ->  n*(9*n + 43)/16 + 67/3
    y^1x^2(n)    ->  n*(27*n**2 + 165*n + 2312)/32 + 300763/27
 Solving for x^3  with initial condition x^3(0) = -65
    x^3(n)    ->  3*n*(9*n**2 + 165*n + 866)/64 - 65
    s^3(n)    ->  2889*n/16 + 81*(n - 1)*(3*n - 4)/16 + 27*(n - 1)*(9*n + 34)/64 + 27*(n - 1)*(9*n + 70)/16 + 3*(n - 1)*(165*n + 9*(n - 1)**2 + 701)/64 + 3*(n - 1)*(165*n + 27*(n - 1)**2 + 2147)/32 + 3*(n - 1)*(219*n + 9*(n - 1)**2 + 245)/8 + 3*(n - 1)*(219*n + 27*(n - 1)**2 + 923)/16 + 26557487/720
 Solution found
   s^3  =  2889*n/16 + 81*(n - 1)*(3*n - 4)/16 + 27*(n - 1)*(9*n + 34)/64 + 27*(n - 1)*(9*n + 70)/16 + 3*(n - 1)*(165*n + 9*(n - 1)**2 + 701)/64 + 3*(n - 1)*(165*n + 27*(n - 1)**2 + 2147)/32 + 3*(n - 1)*(219*n + 9*(n - 1)**2 + 245)/8 + 3*(n - 1)*(219*n + 27*(n - 1)**2 + 923)/16 + 26557487/720
 Solution found
   y^3  =  3*n*(9*n**2 + 219*n + 464)/8 + 65
 Solution found
   y^2x^1  =  n*(27*n**2 + 219*n + 1142)/16 + 4741/5
 Solution found
   y^2  =  n*(9*n + 79)/4 + 67/3
 Solution found
   y^1x^1  =  3*n*(3*n - 1)/8 + 67/3
 Solution found
   x^1  =  3*n/4 - 1
 Solution found
   x^2  =  n*(9*n + 43)/16 + 67/3
 Solution found
   y^1x^2  =  n*(27*n**2 + 165*n + 2312)/32 + 300763/27
 Solving for f^3  with initial condition f^3(0) = 0
    f^3(n)    ->  3/4
 Solution found
   f^3  =  3/4
 Solution found
   x^3  =  3*n*(9*n**2 + 165*n + 866)/64 - 65
 Solving for w^3  with initial condition w^3(0) = 0
    w^3(n)    ->  136
 Solution found
   w^3  =  136
 Solution found
   y^1  =  3*n/2 + 1
 Solving for v^3  with initial condition v^3(0) = 0
    v^3(n)    ->  17
 Solution found
   v^3  =  17

Moment based invariants for program stuttering-b, with invariants over [s**3, y**3, f**3, x**3, w**3, v**3]:
 E[y^1] = 3*n/2 + 1
 E[y^2] = n*(9*n + 79)/4 + 67/3
 E[y^3] = 3*n*(9*n**2 + 219*n + 464)/8 + 65
 E[x^1] = 3*n/4 - 1
 E[y^1x^1] = 3*n*(3*n - 1)/8 + 67/3
 E[y^2x^1] = n*(27*n**2 + 219*n + 1142)/16 + 4741/5
 E[x^2] = n*(9*n + 43)/16 + 67/3
 E[y^1x^2] = n*(27*n**2 + 165*n + 2312)/32 + 300763/27
 E[x^3] = 3*n*(9*n**2 + 165*n + 866)/64 - 65
 E[s^3] = 729*n**3/64 + 9369*n**2/64 + 20655*n/32 + 1631822/45
 E[f^3] = 3/4
 E[w^3] = 136
 E[v^3] = 17
Computation time 2.3480657299987797s.
