setting goal:  2
 --- MBRecs --- 
    f**2  =  3/4
    x**2  =  d**2/4 + x**2 + 3*x/2 + 3/4
    v**2  =  d**2/3 + 1
    y**2  =  d**2 + y**2 + 3*y + 3
    s**2  =  5*d**2/4 + x**2 + 2*x*y + 9*x/2 + y**2 + 9*y/2 + 27/4
    x*y  =  x*y + 3*x/2 + 3*y/4 + 3/2
    w**2  =  4*d**2/3 + 4
    x  =  x + 3/4
    y  =  y + 3/2

 Solving for f^2  with initial condition f^2(0) = 0
    f^2(n)    ->  3/4
 Solution found
   f^2  =  3/4
 Solving for x^2  with initial condition x^2(0) = 1
 Solving for x^1  with initial condition x^1(0) = -1
    x^1(n)    ->  3*n/4 - 1
    x^2(n)    ->  n*(4*d**2 + 9*n - 21)/16 + 1
 Solution found
   x^2  =  n*(4*d**2 + 9*n - 21)/16 + 1
 Solving for v^2  with initial condition v^2(0) = 0
    v^2(n)    ->  d**2/3 + 1
 Solution found
   v^2  =  d**2/3 + 1
 Solving for y^2  with initial condition y^2(0) = 1
 Solving for y^1  with initial condition y^1(0) = 1
    y^1(n)    ->  3*n/2 + 1
    y^2(n)    ->  n*(4*d**2 + 9*n + 15)/4 + 1
 Solution found
   y^2  =  n*(4*d**2 + 9*n + 15)/4 + 1
 Solving for s^2  with initial condition s^2(0) = 0
 Solving for y^1x^1  with initial condition y^1x^1(0) = 1
    y^1x^1(n)    ->  3*n*(3*n - 1)/8 + 1
    s^2(n)    ->  5*d**2/4 + 81*n/8 + 3*(n - 1)*(3*n - 4)/4 + (n - 1)*(4*d**2 + 9*n - 30)/16 + (n - 1)*(4*d**2 + 9*n + 6)/4 + 5/8
 Solution found
   s^2  =  5*d**2/4 + 81*n/8 + 3*(n - 1)*(3*n - 4)/4 + (n - 1)*(4*d**2 + 9*n - 30)/16 + (n - 1)*(4*d**2 + 9*n + 6)/4 + 5/8
 Solution found
   y^1x^1  =  3*n*(3*n - 1)/8 + 1
 Solving for w^2  with initial condition w^2(0) = 0
    w^2(n)    ->  4*d**2/3 + 4
 Solution found
   w^2  =  4*d**2/3 + 4
 Solution found
   x^1  =  3*n/4 - 1
 Solution found
   y^1  =  3*n/2 + 1

Moment based invariants for program stuttering-a, with invariants over [f**2, x**2, v**2, y**2, s**2, w**2]:
 E[f^2] = 3/4
 E[x^1] = 3*n/4 - 1
 E[x^2] = n*(4*d**2 + 9*n - 21)/16 + 1
 E[v^2] = d**2/3 + 1
 E[y^1] = 3*n/2 + 1
 E[y^2] = n*(4*d**2 + 9*n + 15)/4 + 1
 E[y^1x^1] = 3*n*(3*n - 1)/8 + 1
 E[s^2] = 5*d**2*n/4 + 81*n**2/16 + 27*n/16 + 4
 E[w^2] = 4*d**2/3 + 4
Computation time 1.123145581999779s.
