setting goal:  2
 --- MBRecs --- 
    f**2  =  3/4
    y**2  =  y**2 + 3*y + 19
    s**2  =  x**2 + 2*x*y + 9*x/2 + y**2 + 9*y/2 + 107/4
    v**2  =  19/3
    x*y  =  x*y + 3*x/2 + 3*y/4 + 3/2
    x**2  =  x**2 + 3*x/2 + 19/4
    y  =  y + 3/2
    w**2  =  76/3
    x  =  x + 3/4

 Solving for f^2  with initial condition f^2(0) = 0
    f^2(n)    ->  3/4
 Solution found
   f^2  =  3/4
 Solving for y^2  with initial condition y^2(0) = 67/3
 Solving for y^1  with initial condition y^1(0) = 1
    y^1(n)    ->  3*n/2 + 1
    y^2(n)    ->  n*(9*n + 79)/4 + 67/3
 Solution found
   y^2  =  n*(9*n + 79)/4 + 67/3
 Solving for s^2  with initial condition s^2(0) = 0
 Solving for y^1x^1  with initial condition y^1x^1(0) = 67/3
 Solving for x^1  with initial condition x^1(0) = -1
    x^1(n)    ->  3*n/4 - 1
    y^1x^1(n)    ->  3*n*(3*n - 1)/8 + 67/3
 Solving for x^2  with initial condition x^2(0) = 67/3
    x^2(n)    ->  n*(9*n + 43)/16 + 67/3
    s^2(n)    ->  81*n/8 + 3*(n - 1)*(3*n - 4)/4 + (n - 1)*(9*n + 34)/16 + (n - 1)*(9*n + 70)/4 + 2543/24
 Solution found
   s^2  =  81*n/8 + 3*(n - 1)*(3*n - 4)/4 + (n - 1)*(9*n + 34)/16 + (n - 1)*(9*n + 70)/4 + 2543/24
 Solving for v^2  with initial condition v^2(0) = 0
    v^2(n)    ->  19/3
 Solution found
   v^2  =  19/3
 Solution found
   y^1x^1  =  3*n*(3*n - 1)/8 + 67/3
 Solution found
   x^2  =  n*(9*n + 43)/16 + 67/3
 Solution found
   y^1  =  3*n/2 + 1
 Solving for w^2  with initial condition w^2(0) = 0
    w^2(n)    ->  76/3
 Solution found
   w^2  =  76/3
 Solution found
   x^1  =  3*n/4 - 1

Moment based invariants for program stuttering-b, with invariants over [f**2, y**2, s**2, v**2, x**2, w**2]:
 E[f^2] = 3/4
 E[y^1] = 3*n/2 + 1
 E[y^2] = n*(9*n + 79)/4 + 67/3
 E[x^1] = 3*n/4 - 1
 E[y^1x^1] = 3*n*(3*n - 1)/8 + 67/3
 E[x^2] = n*(9*n + 43)/16 + 67/3
 E[s^2] = 81*n**2/16 + 347*n/16 + 268/3
 E[v^2] = 19/3
 E[w^2] = 76/3
Computation time 0.9503296429993497s.
