setting goal:  3
 --- MBRecs --- 
    f**3  =  3/4
    y**3  =  6*d**2 + y**3 + 9*y**2/2 + y*(3*d**2 + 9) + 6
    s**3  =  6*d**4 + 12*d**2 + s**3 + 3*s**2*x*y + 9*s**2*x/2 + 9*s**2*y/4 + 9*s**2/2 + 3*s*x**2*y**2 + 9*s*x**2*y + s*x**2*(3*d**2 + 9) + 9*s*x*y**2/2 + 18*s*x*y + s*x*(6*d**2 + 18) + s*y**2*(3*d**2/4 + 9/4) + s*y*(3*d**2 + 9) + s*(d**4 + 6*d**2 + 9) + x**3*y**3 + 9*x**3*y**2/2 + x**3*y*(3*d**2 + 9) + x**3*(6*d**2 + 6) + 9*x**2*y**3/4 + 27*x**2*y**2/2 + x**2*y*(9*d**2 + 27) + x**2*(18*d**2 + 18) + x*y**3*(3*d**2/4 + 9/4) + x*y**2*(9*d**2/2 + 27/2) + x*y*(3*d**4 + 18*d**2 + 27) + x*(6*d**4 + 24*d**2 + 18) + y**3*(3*d**2/4 + 3/4) + y**2*(9*d**2/2 + 9/2) + y*(3*d**4 + 12*d**2 + 9) + 6
    s**2*x*y  =  6*d**4 + 12*d**2 + s**2*x*y + 3*s**2*x/2 + 3*s**2*y/4 + 3*s**2/2 + 2*s*x**2*y**2 + 6*s*x**2*y + s*x**2*(2*d**2 + 6) + 3*s*x*y**2 + 12*s*x*y + s*x*(4*d**2 + 12) + s*y**2*(d**2/2 + 3/2) + s*y*(2*d**2 + 6) + s*(2*d**4/3 + 4*d**2 + 6) + x**3*y**3 + 9*x**3*y**2/2 + x**3*y*(3*d**2 + 9) + x**3*(6*d**2 + 6) + 9*x**2*y**3/4 + 27*x**2*y**2/2 + x**2*y*(9*d**2 + 27) + x**2*(18*d**2 + 18) + x*y**3*(3*d**2/4 + 9/4) + x*y**2*(9*d**2/2 + 27/2) + x*y*(3*d**4 + 18*d**2 + 27) + x*(6*d**4 + 24*d**2 + 18) + y**3*(3*d**2/4 + 3/4) + y**2*(9*d**2/2 + 9/2) + y*(3*d**4 + 12*d**2 + 9) + 6
    s*x**2  =  3*d**2/2 + s*x**2 + 3*s*x/2 + s*(d**2/4 + 3/4) + x**3*y + 3*x**3/2 + 9*x**2*y/4 + 9*x**2/2 + x*y*(3*d**2/4 + 9/4) + x*(3*d**2/2 + 9/2) + y*(3*d**2/4 + 3/4) + 3/2
    s*x  =  d**2/2 + s*x + 3*s/4 + x**2*y + 3*x**2/2 + 3*x*y/2 + 3*x + y*(d**2/4 + 3/4) + 3/2
    x**3*y  =  3*d**2/2 + x**3*y + 3*x**3/2 + 9*x**2*y/4 + 9*x**2/2 + x*y*(3*d**2/4 + 9/4) + x*(3*d**2/2 + 9/2) + y*(3*d**2/4 + 3/4) + 3/2
    x**2*y**3  =  2*d**4 + 8*d**2 + x**2*y**3 + 9*x**2*y**2/2 + x**2*y*(3*d**2 + 9) + x**2*(6*d**2 + 6) + 3*x*y**3/2 + 9*x*y**2 + x*y*(6*d**2 + 18) + x*(12*d**2 + 12) + y**3*(d**2/4 + 3/4) + y**2*(3*d**2/2 + 9/2) + y*(d**4 + 6*d**2 + 9) + 6
    w**3  =  8*d**2 + 8
    x**3*y**3  =  6*d**4 + 12*d**2 + x**3*y**3 + 9*x**3*y**2/2 + x**3*y*(3*d**2 + 9) + x**3*(6*d**2 + 6) + 9*x**2*y**3/4 + 27*x**2*y**2/2 + x**2*y*(9*d**2 + 27) + x**2*(18*d**2 + 18) + x*y**3*(3*d**2/4 + 9/4) + x*y**2*(9*d**2/2 + 27/2) + x*y*(3*d**4 + 18*d**2 + 27) + x*(6*d**4 + 24*d**2 + 18) + y**3*(3*d**2/4 + 3/4) + y**2*(9*d**2/2 + 9/2) + y*(3*d**4 + 12*d**2 + 9) + 6
    v**3  =  d**2 + 1
    s*y  =  d**2 + s*y + 3*s/2 + x*y**2 + 3*x*y + x*(d**2 + 3) + 3*y**2/4 + 3*y + 3
    x**2*y**2  =  d**4/3 + 2*d**2 + x**2*y**2 + 3*x**2*y + x**2*(d**2 + 3) + 3*x*y**2/2 + 6*x*y + x*(2*d**2 + 6) + y**2*(d**2/4 + 3/4) + y*(d**2 + 3) + 3
    s*y**2  =  6*d**2 + s*y**2 + 3*s*y + s*(d**2 + 3) + x*y**3 + 9*x*y**2/2 + x*y*(3*d**2 + 9) + x*(6*d**2 + 6) + 3*y**3/4 + 9*y**2/2 + y*(3*d**2 + 9) + 6
    s*x**2*y  =  d**4 + 4*d**2 + s*x**2*y + 3*s*x**2/2 + 3*s*x*y/2 + 3*s*x + s*y*(d**2/4 + 3/4) + s*(d**2/2 + 3/2) + x**3*y**2 + 3*x**3*y + x**3*(d**2 + 3) + 9*x**2*y**2/4 + 9*x**2*y + x**2*(3*d**2 + 9) + x*y**2*(3*d**2/4 + 9/4) + x*y*(3*d**2 + 9) + x*(d**4 + 6*d**2 + 9) + y**2*(3*d**2/4 + 3/4) + y*(3*d**2 + 3) + 3
    x**2*y  =  d**2/2 + x**2*y + 3*x**2/2 + 3*x*y/2 + 3*x + y*(d**2/4 + 3/4) + 3/2
    x**3  =  3*d**2/4 + x**3 + 9*x**2/4 + x*(3*d**2/4 + 9/4) + 3/4
    y**2  =  d**2 + y**2 + 3*y + 3
    x*y**3  =  6*d**2 + x*y**3 + 9*x*y**2/2 + x*y*(3*d**2 + 9) + x*(6*d**2 + 6) + 3*y**3/4 + 9*y**2/2 + y*(3*d**2 + 9) + 6
    x**2  =  d**2/4 + x**2 + 3*x/2 + 3/4
    y  =  y + 3/2
    s**2*y  =  2*d**4 + 8*d**2 + s**2*y + 3*s**2/2 + 2*s*x*y**2 + 6*s*x*y + s*x*(2*d**2 + 6) + 3*s*y**2/2 + 6*s*y + s*(2*d**2 + 6) + x**2*y**3 + 9*x**2*y**2/2 + x**2*y*(3*d**2 + 9) + x**2*(6*d**2 + 6) + 3*x*y**3/2 + 9*x*y**2 + x*y*(6*d**2 + 18) + x*(12*d**2 + 12) + y**3*(d**2/4 + 3/4) + y**2*(3*d**2/2 + 9/2) + y*(d**4 + 6*d**2 + 9) + 6
    s**2*x  =  d**4 + 4*d**2 + s**2*x + 3*s**2/4 + 2*s*x**2*y + 3*s*x**2 + 3*s*x*y + 6*s*x + s*y*(d**2/2 + 3/2) + s*(d**2 + 3) + x**3*y**2 + 3*x**3*y + x**3*(d**2 + 3) + 9*x**2*y**2/4 + 9*x**2*y + x**2*(3*d**2 + 9) + x*y**2*(3*d**2/4 + 9/4) + x*y*(3*d**2 + 9) + x*(d**4 + 6*d**2 + 9) + y**2*(3*d**2/4 + 3/4) + y*(3*d**2 + 3) + 3
    s*x**2*y**2  =  6*d**4 + 12*d**2 + s*x**2*y**2 + 3*s*x**2*y + s*x**2*(d**2 + 3) + 3*s*x*y**2/2 + 6*s*x*y + s*x*(2*d**2 + 6) + s*y**2*(d**2/4 + 3/4) + s*y*(d**2 + 3) + s*(d**4/3 + 2*d**2 + 3) + x**3*y**3 + 9*x**3*y**2/2 + x**3*y*(3*d**2 + 9) + x**3*(6*d**2 + 6) + 9*x**2*y**3/4 + 27*x**2*y**2/2 + x**2*y*(9*d**2 + 27) + x**2*(18*d**2 + 18) + x*y**3*(3*d**2/4 + 9/4) + x*y**2*(9*d**2/2 + 27/2) + x*y*(3*d**4 + 18*d**2 + 27) + x*(6*d**4 + 24*d**2 + 18) + y**3*(3*d**2/4 + 3/4) + y**2*(9*d**2/2 + 9/2) + y*(3*d**4 + 12*d**2 + 9) + 6
    x**3*y**2  =  d**4 + 4*d**2 + x**3*y**2 + 3*x**3*y + x**3*(d**2 + 3) + 9*x**2*y**2/4 + 9*x**2*y + x**2*(3*d**2 + 9) + x*y**2*(3*d**2/4 + 9/4) + x*y*(3*d**2 + 9) + x*(d**4 + 6*d**2 + 9) + y**2*(3*d**2/4 + 3/4) + y*(3*d**2 + 3) + 3
    s*x*y**2  =  2*d**4 + 8*d**2 + s*x*y**2 + 3*s*x*y + s*x*(d**2 + 3) + 3*s*y**2/4 + 3*s*y + s*(d**2 + 3) + x**2*y**3 + 9*x**2*y**2/2 + x**2*y*(3*d**2 + 9) + x**2*(6*d**2 + 6) + 3*x*y**3/2 + 9*x*y**2 + x*y*(6*d**2 + 18) + x*(12*d**2 + 12) + y**3*(d**2/4 + 3/4) + y**2*(3*d**2/2 + 9/2) + y*(d**4 + 6*d**2 + 9) + 6
    x  =  x + 3/4
    s**2  =  d**4/3 + 2*d**2 + s**2 + 2*s*x*y + 3*s*x + 3*s*y/2 + 3*s + x**2*y**2 + 3*x**2*y + x**2*(d**2 + 3) + 3*x*y**2/2 + 6*x*y + x*(2*d**2 + 6) + y**2*(d**2/4 + 3/4) + y*(d**2 + 3) + 3
    s  =  s + x*y + 3*x/2 + 3*y/4 + 3/2
    s*x*y  =  d**4/3 + 2*d**2 + s*x*y + 3*s*x/2 + 3*s*y/4 + 3*s/2 + x**2*y**2 + 3*x**2*y + x**2*(d**2 + 3) + 3*x*y**2/2 + 6*x*y + x*(2*d**2 + 6) + y**2*(d**2/4 + 3/4) + y*(d**2 + 3) + 3
    x*y  =  x*y + 3*x/2 + 3*y/4 + 3/2
    x*y**2  =  d**2 + x*y**2 + 3*x*y + x*(d**2 + 3) + 3*y**2/4 + 3*y + 3

 Solving for f^3  with initial condition f^3(0) = 0
    f^3(n)    ->  3/4
 Solution found
   f^3  =  3/4
 Solving for y^3  with initial condition y^3(0) = 1
 Solving for y^2  with initial condition y^2(0) = 1
 Solving for y^1  with initial condition y^1(0) = 1
    y^1(n)    ->  3*n/2 + 1
    y^2(n)    ->  n*(4*d**2 + 9*n + 15)/4 + 1
    y^3(n)    ->  3*n*(12*d**2*n + 12*d**2 + 9*n**2 + 27*n + 16)/8 + 1
 Solution found
   y^3  =  3*n*(12*d**2*n + 12*d**2 + 9*n**2 + 27*n + 16)/8 + 1
 Solving for s^3  with initial condition s^3(0) = 0
 Solving for s^2y^1x^1  with initial condition s^2y^1x^1(0) = 0
 Solving for s^2y^1  with initial condition s^2y^1(0) = 0
 Solving for s^2  with initial condition s^2(0) = 0
 Solving for s^1y^1x^1  with initial condition s^1y^1x^1(0) = 0
 Solving for s^1y^1  with initial condition s^1y^1(0) = 0
 Solving for s^1  with initial condition s^1(0) = 0
 Solving for y^1x^1  with initial condition y^1x^1(0) = 1
 Solving for x^1  with initial condition x^1(0) = -1
    x^1(n)    ->  3*n/4 - 1
    y^1x^1(n)    ->  3*n*(3*n - 1)/8 + 1
    s^1(n)    ->  n*(3*n**2 + 3*n + 8)/8
 Solving for y^2x^1  with initial condition y^2x^1(0) = 1
    y^2x^1(n)    ->  3*n*(4*d**2*n - 4*d**2 + 9*n**2 + 9*n + 18)/16 + 1
    s^1y^1(n)    ->  n*(4*d**2*n**2 - 4*d**2 + 9*n**3 + 21*n**2 + 57*n + 37)/16
 Solving for s^1x^1  with initial condition s^1x^1(0) = 0
 Solving for y^1x^2  with initial condition y^1x^2(0) = 1
 Solving for x^2  with initial condition x^2(0) = 1
    x^2(n)    ->  n*(4*d**2 + 9*n - 21)/16 + 1
    y^1x^2(n)    ->  3*n*(4*d**2*n + 4*d**2 + 9*n**2 - 9*n + 24)/32 + 1
    s^1x^1(n)    ->  n*(4*d**2*n**2 + 12*d**2*n + 8*d**2 + 9*n**3 + 3*n**2 + 39*n + 53)/32
 Solving for y^2x^2  with initial condition y^2x^2(0) = 1
    y^2x^2(n)    ->  n*(48*d**4*n + 16*d**4 + 216*d**2*n**2 + 72*d**2*n + 144*d**2 + 243*n**3 + 162*n**2 + 945*n + 1386)/192 + 1
    s^1y^1x^1(n)    ->  n*(16*d**4*n**2 + 32*d**4*n + 16*d**4 + 72*d**2*n**3 + 132*d**2*n**2 + 144*d**2*n + 84*d**2 + 81*n**4 + 162*n**3 + 693*n**2 + 1350*n + 642)/192
    s^2(n)    ->  n*(120*d**4*n**3 + 320*d**4*n**2 + 360*d**4*n + 160*d**4 + 432*d**2*n**4 + 1260*d**2*n**3 + 2160*d**2*n**2 + 1980*d**2*n + 648*d**2 + 405*n**5 + 1458*n**4 + 6210*n**3 + 18360*n**2 + 16785*n + 702)/2880
 Solving for s^1y^2x^1  with initial condition s^1y^2x^1(0) = 0
 Solving for s^1y^2  with initial condition s^1y^2(0) = 0
 Solving for y^3x^1  with initial condition y^3x^1(0) = 1
    y^3x^1(n)    ->  3*n*(36*d**2*n**2 + 12*d**2*n + 16*d**2 + 27*n**3 + 72*n**2 + 111*n + 86)/32 + 1
    s^1y^2(n)    ->  n*(36*d**2*n**3 + 52*d**2*n**2 + 76*d**2*n + 28*d**2 + 27*n**4 + 108*n**3 + 309*n**2 + 360*n + 116)/32
 Solving for y^3x^2  with initial condition y^3x^2(0) = 1
    y^3x^2(n)    ->  3*n*(48*d**4*n**2 + 80*d**4*n + 144*d**2*n**3 + 144*d**2*n**2 + 208*d**2*n + 304*d**2 + 81*n**4 + 216*n**3 + 531*n**2 + 1224*n + 348)/128 + 1
    s^1y^2x^1(n)    ->  n*(144*d**4*n**3 + 496*d**4*n**2 + 432*d**4*n + 80*d**4 + 432*d**2*n**4 + 1008*d**2*n**3 + 1920*d**2*n**2 + 2688*d**2*n + 1152*d**2 + 243*n**5 + 972*n**4 + 3564*n**3 + 8946*n**2 + 7065*n + 1194)/384
    s^2y^1(n)    ->  n*(312*d**4*n**4 + 1440*d**4*n**3 + 2120*d**4*n**2 + 1440*d**4*n + 448*d**4 + 792*d**2*n**5 + 2916*d**2*n**4 + 6870*d**2*n**3 + 13400*d**2*n**2 + 10338*d**2*n + 1684*d**2 + 405*n**6 + 2268*n**5 + 10152*n**4 + 33975*n**3 + 44625*n**2 + 18237*n + 258)/1920
 Solving for s^2x^1  with initial condition s^2x^1(0) = 0
 Solving for s^1y^1x^2  with initial condition s^1y^1x^2(0) = 0
 Solving for s^1x^2  with initial condition s^1x^2(0) = 0
 Solving for y^1x^3  with initial condition y^1x^3(0) = 1
 Solving for x^3  with initial condition x^3(0) = -1
    x^3(n)    ->  3*n*(12*d**2*n - 12*d**2 + 9*n**2 - 27*n + 34)/64 - 1
    y^1x^3(n)    ->  3*n*(36*d**2*n**2 + 12*d**2*n + 16*d**2 + 27*n**3 - 36*n**2 + 111*n + 122)/128 + 1
    s^1x^2(n)    ->  n*(36*d**2*n**3 + 76*d**2*n**2 + 76*d**2*n + 4*d**2 + 27*n**4 + 165*n**2 + 408*n + 200)/128
 Solving for y^2x^3  with initial condition y^2x^3(0) = 1
    y^2x^3(n)    ->  3*n*(48*d**4*n**2 - 16*d**4*n - 32*d**4 + 144*d**2*n**3 + 144*d**2*n**2 + 208*d**2*n + 144*d**2 + 81*n**4 + 54*n**3 + 423*n**2 + 1458*n + 480)/256 + 1
    s^1y^1x^2(n)    ->  n*(144*d**4*n**3 + 160*d**4*n**2 - 144*d**4*n - 160*d**4 + 432*d**2*n**4 + 1116*d**2*n**3 + 1920*d**2*n**2 + 1764*d**2*n + 528*d**2 + 243*n**5 + 486*n**4 + 2592*n**3 + 9252*n**2 + 8757*n + 1902)/768
    s^2x^1(n)    ->  n*(312*d**4*n**4 + 600*d**4*n**3 - 40*d**4*n**2 - 600*d**4*n - 272*d**4 + 792*d**2*n**5 + 3132*d**2*n**4 + 7410*d**2*n**3 + 10680*d**2*n**2 + 6198*d**2*n + 588*d**2 + 405*n**6 + 1458*n**5 + 7236*n**4 + 32715*n**3 + 49905*n**2 + 24387*n + 54)/3840
 Solving for s^1y^2x^2  with initial condition s^1y^2x^2(0) = 0
 Solving for y^3x^3  with initial condition y^3x^3(0) = 1
    y^3x^3(n)    ->  3*n*(432*d**4*n**3 + 576*d**4*n**2 - 144*d**4*n + 160*d**4 + 648*d**2*n**4 + 1296*d**2*n**3 + 1800*d**2*n**2 + 4704*d**2*n + 512*d**2 + 243*n**5 + 729*n**4 + 2079*n**3 + 9567*n**2 + 5862*n + 848)/512 + 1
    s^1y^2x^2(n)    ->  n*(1296*d**4*n**4 + 3744*d**4*n**3 + 2864*d**4*n**2 + 736*d**4*n + 576*d**4 + 1944*d**2*n**5 + 6696*d**2*n**4 + 15192*d**2*n**3 + 31368*d**2*n**2 + 22800*d**2*n + 2640*d**2 + 729*n**6 + 3159*n**5 + 13041*n**4 + 54837*n**3 + 72126*n**2 + 29268*n + 2328)/1536
    s^2y^1x^1(n)    ->  n*(7416*d**4*n**5 + 31392*d**4*n**4 + 43320*d**4*n**3 + 35200*d**4*n**2 + 18384*d**4*n + 2528*d**4 + 10368*d**2*n**6 + 50868*d**2*n**5 + 148068*d**2*n**4 + 375840*d**2*n**3 + 430932*d**2*n**2 + 178092*d**2*n + 15432*d**2 + 3645*n**7 + 21627*n**6 + 106596*n**5 + 517428*n**4 + 1016685*n**3 + 787473*n**2 + 183474*n - 4608)/23040
    s^3(n)    ->  n*(7416*d**4*n**6 + 39900*d**4*n**5 + 77028*d**4*n**4 + 89740*d**4*n**3 + 72324*d**4*n**2 + 31640*d**4*n + 4512*d**4 + 9072*d**2*n**7 + 57996*d**2*n**6 + 207900*d**2*n**5 + 633528*d**2*n**4 + 997248*d**2*n**3 + 712404*d**2*n**2 + 196980*d**2*n + 7272*d**2 + 2835*n**8 + 22113*n**7 + 124578*n**6 + 702891*n**5 + 1877526*n**4 + 2257542*n**3 + 1090677*n**2 + 61614*n + 2304)/53760
 Solution found
   s^3  =  n*(7416*d**4*n**6 + 39900*d**4*n**5 + 77028*d**4*n**4 + 89740*d**4*n**3 + 72324*d**4*n**2 + 31640*d**4*n + 4512*d**4 + 9072*d**2*n**7 + 57996*d**2*n**6 + 207900*d**2*n**5 + 633528*d**2*n**4 + 997248*d**2*n**3 + 712404*d**2*n**2 + 196980*d**2*n + 7272*d**2 + 2835*n**8 + 22113*n**7 + 124578*n**6 + 702891*n**5 + 1877526*n**4 + 2257542*n**3 + 1090677*n**2 + 61614*n + 2304)/53760
 Solution found
   s^2y^1x^1  =  n*(7416*d**4*n**5 + 31392*d**4*n**4 + 43320*d**4*n**3 + 35200*d**4*n**2 + 18384*d**4*n + 2528*d**4 + 10368*d**2*n**6 + 50868*d**2*n**5 + 148068*d**2*n**4 + 375840*d**2*n**3 + 430932*d**2*n**2 + 178092*d**2*n + 15432*d**2 + 3645*n**7 + 21627*n**6 + 106596*n**5 + 517428*n**4 + 1016685*n**3 + 787473*n**2 + 183474*n - 4608)/23040
 Solution found
   s^1x^2  =  n*(36*d**2*n**3 + 76*d**2*n**2 + 76*d**2*n + 4*d**2 + 27*n**4 + 165*n**2 + 408*n + 200)/128
 Solution found
   s^1x^1  =  n*(4*d**2*n**2 + 12*d**2*n + 8*d**2 + 9*n**3 + 3*n**2 + 39*n + 53)/32
 Solution found
   y^1x^3  =  3*n*(36*d**2*n**2 + 12*d**2*n + 16*d**2 + 27*n**3 - 36*n**2 + 111*n + 122)/128 + 1
 Solution found
   y^3x^2  =  3*n*(48*d**4*n**2 + 80*d**4*n + 144*d**2*n**3 + 144*d**2*n**2 + 208*d**2*n + 304*d**2 + 81*n**4 + 216*n**3 + 531*n**2 + 1224*n + 348)/128 + 1
 Solving for w^3  with initial condition w^3(0) = 0
    w^3(n)    ->  8*d**2 + 8
 Solution found
   w^3  =  8*d**2 + 8
 Solution found
   y^3x^3  =  3*n*(432*d**4*n**3 + 576*d**4*n**2 - 144*d**4*n + 160*d**4 + 648*d**2*n**4 + 1296*d**2*n**3 + 1800*d**2*n**2 + 4704*d**2*n + 512*d**2 + 243*n**5 + 729*n**4 + 2079*n**3 + 9567*n**2 + 5862*n + 848)/512 + 1
 Solving for v^3  with initial condition v^3(0) = 0
    v^3(n)    ->  d**2 + 1
 Solution found
   v^3  =  d**2 + 1
 Solution found
   s^1y^1  =  n*(4*d**2*n**2 - 4*d**2 + 9*n**3 + 21*n**2 + 57*n + 37)/16
 Solution found
   y^2x^2  =  n*(48*d**4*n + 16*d**4 + 216*d**2*n**2 + 72*d**2*n + 144*d**2 + 243*n**3 + 162*n**2 + 945*n + 1386)/192 + 1
 Solution found
   s^1y^2  =  n*(36*d**2*n**3 + 52*d**2*n**2 + 76*d**2*n + 28*d**2 + 27*n**4 + 108*n**3 + 309*n**2 + 360*n + 116)/32
 Solution found
   s^1y^1x^2  =  n*(144*d**4*n**3 + 160*d**4*n**2 - 144*d**4*n - 160*d**4 + 432*d**2*n**4 + 1116*d**2*n**3 + 1920*d**2*n**2 + 1764*d**2*n + 528*d**2 + 243*n**5 + 486*n**4 + 2592*n**3 + 9252*n**2 + 8757*n + 1902)/768
 Solution found
   y^1x^2  =  3*n*(4*d**2*n + 4*d**2 + 9*n**2 - 9*n + 24)/32 + 1
 Solution found
   x^3  =  3*n*(12*d**2*n - 12*d**2 + 9*n**2 - 27*n + 34)/64 - 1
 Solution found
   y^2  =  n*(4*d**2 + 9*n + 15)/4 + 1
 Solution found
   y^3x^1  =  3*n*(36*d**2*n**2 + 12*d**2*n + 16*d**2 + 27*n**3 + 72*n**2 + 111*n + 86)/32 + 1
 Solution found
   x^2  =  n*(4*d**2 + 9*n - 21)/16 + 1
 Solution found
   y^1  =  3*n/2 + 1
 Solution found
   s^2y^1  =  n*(312*d**4*n**4 + 1440*d**4*n**3 + 2120*d**4*n**2 + 1440*d**4*n + 448*d**4 + 792*d**2*n**5 + 2916*d**2*n**4 + 6870*d**2*n**3 + 13400*d**2*n**2 + 10338*d**2*n + 1684*d**2 + 405*n**6 + 2268*n**5 + 10152*n**4 + 33975*n**3 + 44625*n**2 + 18237*n + 258)/1920
 Solution found
   s^2x^1  =  n*(312*d**4*n**4 + 600*d**4*n**3 - 40*d**4*n**2 - 600*d**4*n - 272*d**4 + 792*d**2*n**5 + 3132*d**2*n**4 + 7410*d**2*n**3 + 10680*d**2*n**2 + 6198*d**2*n + 588*d**2 + 405*n**6 + 1458*n**5 + 7236*n**4 + 32715*n**3 + 49905*n**2 + 24387*n + 54)/3840
 Solution found
   s^1y^2x^2  =  n*(1296*d**4*n**4 + 3744*d**4*n**3 + 2864*d**4*n**2 + 736*d**4*n + 576*d**4 + 1944*d**2*n**5 + 6696*d**2*n**4 + 15192*d**2*n**3 + 31368*d**2*n**2 + 22800*d**2*n + 2640*d**2 + 729*n**6 + 3159*n**5 + 13041*n**4 + 54837*n**3 + 72126*n**2 + 29268*n + 2328)/1536
 Solution found
   y^2x^3  =  3*n*(48*d**4*n**2 - 16*d**4*n - 32*d**4 + 144*d**2*n**3 + 144*d**2*n**2 + 208*d**2*n + 144*d**2 + 81*n**4 + 54*n**3 + 423*n**2 + 1458*n + 480)/256 + 1
 Solution found
   s^1y^2x^1  =  n*(144*d**4*n**3 + 496*d**4*n**2 + 432*d**4*n + 80*d**4 + 432*d**2*n**4 + 1008*d**2*n**3 + 1920*d**2*n**2 + 2688*d**2*n + 1152*d**2 + 243*n**5 + 972*n**4 + 3564*n**3 + 8946*n**2 + 7065*n + 1194)/384
 Solution found
   x^1  =  3*n/4 - 1
 Solution found
   s^2  =  n*(120*d**4*n**3 + 320*d**4*n**2 + 360*d**4*n + 160*d**4 + 432*d**2*n**4 + 1260*d**2*n**3 + 2160*d**2*n**2 + 1980*d**2*n + 648*d**2 + 405*n**5 + 1458*n**4 + 6210*n**3 + 18360*n**2 + 16785*n + 702)/2880
 Solution found
   s^1  =  n*(3*n**2 + 3*n + 8)/8
 Solution found
   s^1y^1x^1  =  n*(16*d**4*n**2 + 32*d**4*n + 16*d**4 + 72*d**2*n**3 + 132*d**2*n**2 + 144*d**2*n + 84*d**2 + 81*n**4 + 162*n**3 + 693*n**2 + 1350*n + 642)/192
 Solution found
   y^1x^1  =  3*n*(3*n - 1)/8 + 1
 Solution found
   y^2x^1  =  3*n*(4*d**2*n - 4*d**2 + 9*n**2 + 9*n + 18)/16 + 1

Moment based invariants for program stuttering-c, with invariants over [f**3, y**3, s**3, x**3, w**3, v**3]:
 E[f^3] = 3/4
 E[y^1] = 3*n/2 + 1
 E[y^2] = n*(4*d**2 + 9*n + 15)/4 + 1
 E[y^3] = 3*n*(12*d**2*n + 12*d**2 + 9*n**2 + 27*n + 16)/8 + 1
 E[x^1] = 3*n/4 - 1
 E[y^1x^1] = 3*n*(3*n - 1)/8 + 1
 E[s^1] = n*(3*n**2 + 3*n + 8)/8
 E[y^2x^1] = 3*n*(4*d**2*n - 4*d**2 + 9*n**2 + 9*n + 18)/16 + 1
 E[s^1y^1] = n*(4*d**2*n**2 - 4*d**2 + 9*n**3 + 21*n**2 + 57*n + 37)/16
 E[x^2] = n*(4*d**2 + 9*n - 21)/16 + 1
 E[y^1x^2] = 3*n*(4*d**2*n + 4*d**2 + 9*n**2 - 9*n + 24)/32 + 1
 E[s^1x^1] = n*(4*d**2*n**2 + 12*d**2*n + 8*d**2 + 9*n**3 + 3*n**2 + 39*n + 53)/32
 E[y^2x^2] = n*(48*d**4*n + 16*d**4 + 216*d**2*n**2 + 72*d**2*n + 144*d**2 + 243*n**3 + 162*n**2 + 945*n + 1386)/192 + 1
 E[s^1y^1x^1] = n*(16*d**4*n**2 + 32*d**4*n + 16*d**4 + 72*d**2*n**3 + 132*d**2*n**2 + 144*d**2*n + 84*d**2 + 81*n**4 + 162*n**3 + 693*n**2 + 1350*n + 642)/192
 E[s^2] = n*(120*d**4*n**3 + 320*d**4*n**2 + 360*d**4*n + 160*d**4 + 432*d**2*n**4 + 1260*d**2*n**3 + 2160*d**2*n**2 + 1980*d**2*n + 648*d**2 + 405*n**5 + 1458*n**4 + 6210*n**3 + 18360*n**2 + 16785*n + 702)/2880
 E[y^3x^1] = 3*n*(36*d**2*n**2 + 12*d**2*n + 16*d**2 + 27*n**3 + 72*n**2 + 111*n + 86)/32 + 1
 E[s^1y^2] = n*(36*d**2*n**3 + 52*d**2*n**2 + 76*d**2*n + 28*d**2 + 27*n**4 + 108*n**3 + 309*n**2 + 360*n + 116)/32
 E[y^3x^2] = 3*n*(48*d**4*n**2 + 80*d**4*n + 144*d**2*n**3 + 144*d**2*n**2 + 208*d**2*n + 304*d**2 + 81*n**4 + 216*n**3 + 531*n**2 + 1224*n + 348)/128 + 1
 E[s^1y^2x^1] = n*(144*d**4*n**3 + 496*d**4*n**2 + 432*d**4*n + 80*d**4 + 432*d**2*n**4 + 1008*d**2*n**3 + 1920*d**2*n**2 + 2688*d**2*n + 1152*d**2 + 243*n**5 + 972*n**4 + 3564*n**3 + 8946*n**2 + 7065*n + 1194)/384
 E[s^2y^1] = n*(312*d**4*n**4 + 1440*d**4*n**3 + 2120*d**4*n**2 + 1440*d**4*n + 448*d**4 + 792*d**2*n**5 + 2916*d**2*n**4 + 6870*d**2*n**3 + 13400*d**2*n**2 + 10338*d**2*n + 1684*d**2 + 405*n**6 + 2268*n**5 + 10152*n**4 + 33975*n**3 + 44625*n**2 + 18237*n + 258)/1920
 E[x^3] = 3*n*(12*d**2*n - 12*d**2 + 9*n**2 - 27*n + 34)/64 - 1
 E[y^1x^3] = 3*n*(36*d**2*n**2 + 12*d**2*n + 16*d**2 + 27*n**3 - 36*n**2 + 111*n + 122)/128 + 1
 E[s^1x^2] = n*(36*d**2*n**3 + 76*d**2*n**2 + 76*d**2*n + 4*d**2 + 27*n**4 + 165*n**2 + 408*n + 200)/128
 E[y^2x^3] = 3*n*(48*d**4*n**2 - 16*d**4*n - 32*d**4 + 144*d**2*n**3 + 144*d**2*n**2 + 208*d**2*n + 144*d**2 + 81*n**4 + 54*n**3 + 423*n**2 + 1458*n + 480)/256 + 1
 E[s^1y^1x^2] = n*(144*d**4*n**3 + 160*d**4*n**2 - 144*d**4*n - 160*d**4 + 432*d**2*n**4 + 1116*d**2*n**3 + 1920*d**2*n**2 + 1764*d**2*n + 528*d**2 + 243*n**5 + 486*n**4 + 2592*n**3 + 9252*n**2 + 8757*n + 1902)/768
 E[s^2x^1] = n*(312*d**4*n**4 + 600*d**4*n**3 - 40*d**4*n**2 - 600*d**4*n - 272*d**4 + 792*d**2*n**5 + 3132*d**2*n**4 + 7410*d**2*n**3 + 10680*d**2*n**2 + 6198*d**2*n + 588*d**2 + 405*n**6 + 1458*n**5 + 7236*n**4 + 32715*n**3 + 49905*n**2 + 24387*n + 54)/3840
 E[y^3x^3] = 3*n*(432*d**4*n**3 + 576*d**4*n**2 - 144*d**4*n + 160*d**4 + 648*d**2*n**4 + 1296*d**2*n**3 + 1800*d**2*n**2 + 4704*d**2*n + 512*d**2 + 243*n**5 + 729*n**4 + 2079*n**3 + 9567*n**2 + 5862*n + 848)/512 + 1
 E[s^1y^2x^2] = n*(1296*d**4*n**4 + 3744*d**4*n**3 + 2864*d**4*n**2 + 736*d**4*n + 576*d**4 + 1944*d**2*n**5 + 6696*d**2*n**4 + 15192*d**2*n**3 + 31368*d**2*n**2 + 22800*d**2*n + 2640*d**2 + 729*n**6 + 3159*n**5 + 13041*n**4 + 54837*n**3 + 72126*n**2 + 29268*n + 2328)/1536
 E[s^2y^1x^1] = n*(7416*d**4*n**5 + 31392*d**4*n**4 + 43320*d**4*n**3 + 35200*d**4*n**2 + 18384*d**4*n + 2528*d**4 + 10368*d**2*n**6 + 50868*d**2*n**5 + 148068*d**2*n**4 + 375840*d**2*n**3 + 430932*d**2*n**2 + 178092*d**2*n + 15432*d**2 + 3645*n**7 + 21627*n**6 + 106596*n**5 + 517428*n**4 + 1016685*n**3 + 787473*n**2 + 183474*n - 4608)/23040
 E[s^3] = n*(7416*d**4*n**6 + 39900*d**4*n**5 + 77028*d**4*n**4 + 89740*d**4*n**3 + 72324*d**4*n**2 + 31640*d**4*n + 4512*d**4 + 9072*d**2*n**7 + 57996*d**2*n**6 + 207900*d**2*n**5 + 633528*d**2*n**4 + 997248*d**2*n**3 + 712404*d**2*n**2 + 196980*d**2*n + 7272*d**2 + 2835*n**8 + 22113*n**7 + 124578*n**6 + 702891*n**5 + 1877526*n**4 + 2257542*n**3 + 1090677*n**2 + 61614*n + 2304)/53760
 E[w^3] = 8*d**2 + 8
 E[v^3] = d**2 + 1
Computation time 76.6194017050002s.
