setting goal:  2
 --- MBRecs --- 
    s**2  =  6*p*x + 6*p*y + 32*p/3 + x**2 + 2*x*y + y**2
    u2**2  =  16/3
    u1**2  =  4/3
    x*y  =  2*p*x + p*y + 2*p + x*y
    x**2  =  2*p*x + 4*p/3 + x**2
    x  =  p + x
    y  =  2*p + y
    f**2  =  p
    y**2  =  4*p*y + 16*p/3 + y**2

 Solving for s^2  with initial condition s^2(0) = 0
 Solving for y^2  with initial condition y^2(0) = 1
 Solving for y^1  with initial condition y^1(0) = 1
    y^1(n)    ->  2*n*p + 1
    y^2(n)    ->  4*n*p*(3*n*p - 3*p + 7)/3 + 1
 Solving for y^1x^1  with initial condition y^1x^1(0) = 1
 Solving for x^1  with initial condition x^1(0) = -1
    x^1(n)    ->  n*p - 1
    y^1x^1(n)    ->  n*p*(2*n*p - 2*p + 1) + 1
 Solving for x^2  with initial condition x^2(0) = 1
    x^2(n)    ->  n*p*(3*n*p - 3*p - 2)/3 + 1
    s^2(n)    ->  2*p*(n - 1)*(2*p*(n - 1) - 2*p + 1) + p*(n - 1)*(3*p*(n - 1) - 3*p - 2)/3 + 4*p*(n - 1)*(3*p*(n - 1) - 3*p + 7)/3 + 6*p*(p*(n - 1) - 1) + 6*p*(2*p*(n - 1) + 1) + 32*p/3 + 4
 Solution found
   s^2  =  2*p*(n - 1)*(2*p*(n - 1) - 2*p + 1) + p*(n - 1)*(3*p*(n - 1) - 3*p - 2)/3 + 4*p*(n - 1)*(3*p*(n - 1) - 3*p + 7)/3 + 6*p*(p*(n - 1) - 1) + 6*p*(2*p*(n - 1) + 1) + 32*p/3 + 4
 Solving for u2^2  with initial condition u2^2(0) = u2(0)**2
    u2^2(n)    ->  16/3
 Solution found
   u2^2  =  16/3
 Solving for u1^2  with initial condition u1^2(0) = u1(0)**2
    u1^2(n)    ->  4/3
 Solution found
   u1^2  =  4/3
 Solution found
   y^1x^1  =  n*p*(2*n*p - 2*p + 1) + 1
 Solution found
   x^2  =  -n*p*(-3*n*p + 3*p + 2)/3 + 1
 Solution found
   x^1  =  n*p - 1
 Solution found
   y^1  =  2*n*p + 1
 Solving for f^2  with initial condition f^2(0) = 0
    f^2(n)    ->  p
 Solution found
   f^2  =  p
 Solution found
   y^2  =  4*n*p*(3*n*p - 3*p + 7)/3 + 1

Moment based invariants for program stuttering-p, with invariants over [s**2, u2**2, u1**2, x**2, f**2, y**2]:
 E[y^1] = 2*n*p + 1
 E[y^2] = 4*n*p*(3*n*p - 3*p + 7)/3 + 1
 E[x^1] = n*p - 1
 E[y^1x^1] = n*p*(2*n*p - 2*p + 1) + 1
 E[x^2] = -n*p*(-3*n*p + 3*p + 2)/3 + 1
 E[s^2] = 9*n**2*p**2 - 9*n*p**2 + 32*n*p/3 + 4
 E[u2^2] = 16/3
 E[u1^2] = 4/3
 E[f^2] = p
Computation time 1.1937577899989265s.
