setting goal:  3
 --- MBRecs --- 
    w**3  =  136
    v**3  =  17
    y**3  =  y**3 + 9*y**2/2 + 57*y + 102
    x**3  =  x**3 + 9*x**2/4 + 64176294690029565*x/4503599627370496 + 51/4
    y  =  y + 3/2
    y**2  =  y**2 + 3*y + 19
    f**3  =  3/4
    s**3  =  s**3 + 3*s**2*x*y + 9*s**2*x/2 + 9*s**2*y/4 + 9*s**2/2 + 3*s*x**2*y**2 + 9*s*x**2*y + 57*s*x**2 + 9*s*x*y**2/2 + 18*s*x*y + 114*s*x + 64176294690029565*s*y**2/4503599627370496 + 64176294690029565*s*y/1125899906842624 + 406449866370187245*s/1125899906842624 + x**3*y**3 + 9*x**3*y**2/2 + 57*x**3*y + 102*x**3 + 9*x**2*y**3/4 + 27*x**2*y**2/2 + 171*x**2*y + 306*x**2 + 64176294690029565*x*y**3/4503599627370496 + 192528884070088695*x*y**2/2251799813685248 + 1219349599110561735*x*y/1125899906842624 + 1090997009730502605*x/562949953421312 + 51*y**3/4 + 153*y**2/2 + 969*y + 1734
    s**2*y  =  s**2*y + 3*s**2/2 + 2*s*x*y**2 + 6*s*x*y + 38*s*x + 3*s*y**2/2 + 6*s*y + 38*s + x**2*y**3 + 9*x**2*y**2/2 + 57*x**2*y + 102*x**2 + 3*x*y**3/2 + 9*x*y**2 + 114*x*y + 204*x + 21392098230009855*y**3/4503599627370496 + 64176294690029565*y**2/2251799813685248 + 406449866370187245*y/1125899906842624 + 363665669910167535/562949953421312
    x**2*y  =  x**2*y + 3*x**2/2 + 3*x*y/2 + 3*x + 21392098230009855*y/4503599627370496 + 21392098230009855/2251799813685248
    s**2  =  s**2 + 2*s*x*y + 3*s*x + 3*s*y/2 + 3*s + x**2*y**2 + 3*x**2*y + 19*x**2 + 3*x*y**2/2 + 6*x*y + 38*x + 21392098230009855*y**2/4503599627370496 + 21392098230009855*y/1125899906842624 + 135483288790062415/1125899906842624
    s*x*y**2  =  s*x*y**2 + 3*s*x*y + 19*s*x + 3*s*y**2/4 + 3*s*y + 19*s + x**2*y**3 + 9*x**2*y**2/2 + 57*x**2*y + 102*x**2 + 3*x*y**3/2 + 9*x*y**2 + 114*x*y + 204*x + 21392098230009855*y**3/4503599627370496 + 64176294690029565*y**2/2251799813685248 + 406449866370187245*y/1125899906842624 + 363665669910167535/562949953421312
    x*y**2  =  x*y**2 + 3*x*y + 19*x + 3*y**2/4 + 3*y + 19
    s*x**2  =  s*x**2 + 3*s*x/2 + 21392098230009855*s/4503599627370496 + x**3*y + 3*x**3/2 + 9*x**2*y/4 + 9*x**2/2 + 64176294690029565*x*y/4503599627370496 + 64176294690029565*x/2251799813685248 + 51*y/4 + 51/2
    x**2*y**2  =  x**2*y**2 + 3*x**2*y + 19*x**2 + 3*x*y**2/2 + 6*x*y + 38*x + 21392098230009855*y**2/4503599627370496 + 21392098230009855*y/1125899906842624 + 135483288790062415/1125899906842624
    x*y  =  x*y + 3*x/2 + 3*y/4 + 3/2
    s**2*x*y  =  s**2*x*y + 3*s**2*x/2 + 3*s**2*y/4 + 3*s**2/2 + 2*s*x**2*y**2 + 6*s*x**2*y + 38*s*x**2 + 3*s*x*y**2 + 12*s*x*y + 76*s*x + 21392098230009855*s*y**2/2251799813685248 + 21392098230009855*s*y/562949953421312 + 135483288790062415*s/562949953421312 + x**3*y**3 + 9*x**3*y**2/2 + 57*x**3*y + 102*x**3 + 9*x**2*y**3/4 + 27*x**2*y**2/2 + 171*x**2*y + 306*x**2 + 64176294690029565*x*y**3/4503599627370496 + 192528884070088695*x*y**2/2251799813685248 + 1219349599110561735*x*y/1125899906842624 + 1090997009730502605*x/562949953421312 + 51*y**3/4 + 153*y**2/2 + 969*y + 1734
    s*y  =  s*y + 3*s/2 + x*y**2 + 3*x*y + 19*x + 3*y**2/4 + 3*y + 19
    x*y**3  =  x*y**3 + 9*x*y**2/2 + 57*x*y + 102*x + 3*y**3/4 + 9*y**2/2 + 57*y + 102
    s*y**2  =  s*y**2 + 3*s*y + 19*s + x*y**3 + 9*x*y**2/2 + 57*x*y + 102*x + 3*y**3/4 + 9*y**2/2 + 57*y + 102
    x**2  =  x**2 + 3*x/2 + 21392098230009855/4503599627370496
    s**2*x  =  s**2*x + 3*s**2/4 + 2*s*x**2*y + 3*s*x**2 + 3*s*x*y + 6*s*x + 21392098230009855*s*y/2251799813685248 + 21392098230009855*s/1125899906842624 + x**3*y**2 + 3*x**3*y + 19*x**3 + 9*x**2*y**2/4 + 9*x**2*y + 57*x**2 + 64176294690029565*x*y**2/4503599627370496 + 64176294690029565*x*y/1125899906842624 + 406449866370187245*x/1125899906842624 + 51*y**2/4 + 51*y + 323
    s*x**2*y**2  =  s*x**2*y**2 + 3*s*x**2*y + 19*s*x**2 + 3*s*x*y**2/2 + 6*s*x*y + 38*s*x + 21392098230009855*s*y**2/4503599627370496 + 21392098230009855*s*y/1125899906842624 + 135483288790062415*s/1125899906842624 + x**3*y**3 + 9*x**3*y**2/2 + 57*x**3*y + 102*x**3 + 9*x**2*y**3/4 + 27*x**2*y**2/2 + 171*x**2*y + 306*x**2 + 64176294690029565*x*y**3/4503599627370496 + 192528884070088695*x*y**2/2251799813685248 + 1219349599110561735*x*y/1125899906842624 + 1090997009730502605*x/562949953421312 + 51*y**3/4 + 153*y**2/2 + 969*y + 1734
    x**3*y**3  =  x**3*y**3 + 9*x**3*y**2/2 + 57*x**3*y + 102*x**3 + 9*x**2*y**3/4 + 27*x**2*y**2/2 + 171*x**2*y + 306*x**2 + 64176294690029565*x*y**3/4503599627370496 + 192528884070088695*x*y**2/2251799813685248 + 1219349599110561735*x*y/1125899906842624 + 1090997009730502605*x/562949953421312 + 51*y**3/4 + 153*y**2/2 + 969*y + 1734
    x  =  x + 3/4
    x**2*y**3  =  x**2*y**3 + 9*x**2*y**2/2 + 57*x**2*y + 102*x**2 + 3*x*y**3/2 + 9*x*y**2 + 114*x*y + 204*x + 21392098230009855*y**3/4503599627370496 + 64176294690029565*y**2/2251799813685248 + 406449866370187245*y/1125899906842624 + 363665669910167535/562949953421312
    s*x*y  =  s*x*y + 3*s*x/2 + 3*s*y/4 + 3*s/2 + x**2*y**2 + 3*x**2*y + 19*x**2 + 3*x*y**2/2 + 6*x*y + 38*x + 21392098230009855*y**2/4503599627370496 + 21392098230009855*y/1125899906842624 + 135483288790062415/1125899906842624
    s  =  s + x*y + 3*x/2 + 3*y/4 + 3/2
    x**3*y**2  =  x**3*y**2 + 3*x**3*y + 19*x**3 + 9*x**2*y**2/4 + 9*x**2*y + 57*x**2 + 64176294690029565*x*y**2/4503599627370496 + 64176294690029565*x*y/1125899906842624 + 406449866370187245*x/1125899906842624 + 51*y**2/4 + 51*y + 323
    s*x  =  s*x + 3*s/4 + x**2*y + 3*x**2/2 + 3*x*y/2 + 3*x + 21392098230009855*y/4503599627370496 + 21392098230009855/2251799813685248
    x**3*y  =  x**3*y + 3*x**3/2 + 9*x**2*y/4 + 9*x**2/2 + 64176294690029565*x*y/4503599627370496 + 64176294690029565*x/2251799813685248 + 51*y/4 + 51/2
    s*x**2*y  =  s*x**2*y + 3*s*x**2/2 + 3*s*x*y/2 + 3*s*x + 21392098230009855*s*y/4503599627370496 + 21392098230009855*s/2251799813685248 + x**3*y**2 + 3*x**3*y + 19*x**3 + 9*x**2*y**2/4 + 9*x**2*y + 57*x**2 + 64176294690029565*x*y**2/4503599627370496 + 64176294690029565*x*y/1125899906842624 + 406449866370187245*x/1125899906842624 + 51*y**2/4 + 51*y + 323

 Solving for w^3  with initial condition w^3(0) = 0
    w^3(n)    ->  136
 Solution found
   w^3  =  136
 Solving for v^3  with initial condition v^3(0) = 0
    v^3(n)    ->  17
 Solution found
   v^3  =  17
 Solving for y^3  with initial condition y^3(0) = 65
 Solving for y^2  with initial condition y^2(0) = 67/3
 Solving for y^1  with initial condition y^1(0) = 1
    y^1(n)    ->  3*n/2 + 1
    y^2(n)    ->  n*(9*n + 79)/4 + 67/3
    y^3(n)    ->  3*n*(9*n**2 + 219*n + 464)/8 + 65
 Solution found
   y^3  =  3*n*(9*n**2 + 219*n + 464)/8 + 65
 Solving for x^3  with initial condition x^3(0) = -65
 Solving for x^2  with initial condition x^2(0) = 67/3
 Solving for x^1  with initial condition x^1(0) = -1
    x^1(n)    ->  3*n/4 - 1
    x^2(n)    ->  3*n*(844424930131968*n + 4034474666186069)/4503599627370496 + 67/3
    x^3(n)    ->  27*n*(281474976710656*n**2 + 5160374573028693*n + 27084147759047567)/18014398509481984 - 65
 Solution found
   x^3  =  27*n*(281474976710656*n**2 + 5160374573028693*n + 27084147759047567)/18014398509481984 - 65
 Solution found
   y^1  =  3*n/2 + 1
 Solution found
   y^2  =  n*(9*n + 79)/4 + 67/3
 Solving for f^3  with initial condition f^3(0) = 0
    f^3(n)    ->  3/4
 Solution found
   f^3  =  3/4
 Solving for s^3  with initial condition s^3(0) = 0
 Solving for s^2y^1x^1  with initial condition s^2y^1x^1(0) = 0
 Solving for s^2y^1  with initial condition s^2y^1(0) = 0
 Solving for s^2  with initial condition s^2(0) = 0
 Solving for s^1y^1x^1  with initial condition s^1y^1x^1(0) = 0
 Solving for s^1y^1  with initial condition s^1y^1(0) = 0
 Solving for s^1  with initial condition s^1(0) = 0
 Solving for y^1x^1  with initial condition y^1x^1(0) = 67/3
    y^1x^1(n)    ->  3*n*(3*n - 1)/8 + 67/3
    s^1(n)    ->  n*(9*n**2 + 9*n + 536)/24
 Solving for y^2x^1  with initial condition y^2x^1(0) = 4741/5
    y^2x^1(n)    ->  n*(27*n**2 + 219*n + 1142)/16 + 4741/5
    s^1y^1(n)    ->  n*(45*n**3 + 425*n**2 + 4765*n + 77561)/80
 Solving for s^1x^1  with initial condition s^1x^1(0) = 0
 Solving for y^1x^2  with initial condition y^1x^2(0) = 300763/27
    y^1x^2(n)    ->  n*(7599824371187712*n**2 + 46443371157258237*n + 650770146155036669)/9007199254740992 + 300763/27
    s^1x^1(n)    ->  n*(68398419340689408*n**3 + 509188232869576677*n**2 + 11483334624864632751*n + 2716001308402044108746)/243194379878006784
 Solving for y^2x^2  with initial condition y^2x^2(0) = 21282349/45
    y^2x^2(n)    ->  n*(1025976290110341120*n**3 + 15275646986087300715*n**2 + 187196340636305322255*n + 28660562940264389274674)/810647932926689280 + 21282349/45
    s^1y^1x^1(n)    ->  n*(113997365567815680*n**4 + 1849290596989009875*n**3 + 32950868148632944125*n**2 + 7160173405414596016671*n + 130222504774491642526709)/270215977642229760
    s^2(n)    ->  n*(455989462271262720*n**5 + 9423782220272762664*n**4 + 203709070145035957095*n**3 + 57410077602668880055938*n**2 + 1591078821164248048059377*n + 308620423464631658926)/3242591731706757120
 Solving for s^1y^2x^1  with initial condition s^1y^2x^1(0) = 0
 Solving for s^1y^2  with initial condition s^1y^2(0) = 0
 Solving for y^3x^1  with initial condition y^3x^1(0) = 350407/7
    y^3x^1(n)    ->  n*(405*n**3 + 9720*n**2 + 39105*n + 870154)/160 + 350407/7
    s^1y^2(n)    ->  n*(2835*n**4 + 71820*n**3 + 549885*n**2 + 14904680*n + 171973204)/3360
 Solving for y^3x^2  with initial condition y^3x^2(0) = 1572977023/63
    y^3x^2(n)    ->  n*(21545502092317163520*n**4 + 670304509538756189895*n**3 + 7904007341644499957340*n**2 + 976000675959541975176567*n + 31398528183577829265131422)/11349071060973649920 + 1572977023/63
    s^1y^2x^1(n)    ->  n*(21545502092317163520*n**5 + 699031845661845741255*n**4 + 10938731210425321157610*n**3 + 1931864872464833731115733*n**2 + 76078614465282839044413290*n + 869214283661784342114873784)/34047213182920949760
    s^2y^1(n)    ->  n*(86182008369268654080*n**6 + 3179158530955243643016*n**5 + 62791572912601960336707*n**4 + 14340037380440086994268681*n**3 + 714861926669383674236648167*n**2 + 10624676671566814749169775967*n + 12892375166991895620255686)/408566558195051397120
 Solving for s^2x^1  with initial condition s^2x^1(0) = 0
 Solving for s^1y^1x^2  with initial condition s^1y^1x^2(0) = 0
 Solving for s^1x^2  with initial condition s^1x^2(0) = 0
 Solving for y^1x^3  with initial condition y^1x^3(0) = 283075/3
    y^1x^3(n)    ->  n*(68398419340689408*n**3 + 1367968386813788079*n**2 + 12440912495634284625*n + 2730931585591707433544)/108086391056891904 + 283075/3
    s^1x^2(n)    ->  n*(68398419340689408*n**4 + 1459166279268040623*n**3 + 21656966183094583233*n**2 + 6837912141628612539545*n + 31969885070599848458959)/324259173170675712
 Solving for y^2x^3  with initial condition y^2x^3(0) = 4006145
    y^2x^3(n)    ->  n*(1025976290110341120*n**4 + 29867309778767706945*n**3 + 433379984766979267350*n**2 + 84955347739113009667611*n + 1495416680410269063949502)/1080863910568919040 + 4006145
    s^1y^1x^2(n)    ->  n*(1025976290110341120*n**5 + 31235278165581495105*n**4 + 597042202600506643110*n**3 + 162754982325292380365917*n**2 + 3728627506923801758296354*n + 13840789764572869958158378)/3242591731706757120
    s^2x^1(n)    ->  n*(4103905160441364480*n**6 + 143180691153176488896*n**5 + 3345746681171678264487*n**4 + 1107844655055022230794835*n**3 + 35274730214204035172138879*n**2 + 176329580536168388310923085*n + 77970250643312533625146)/38911100780481085440
 Solving for s^1y^2x^2  with initial condition s^1y^2x^2(0) = 0
 Solving for y^3x^3  with initial condition y^3x^3(0) = 1480469575/7
    y^3x^3(n)    ->  n*(21545502092317163520*n**5 + 983911262215817108565*n**4 + 18569828858900470212600*n**3 + 2813413631569287347895903*n**2 + 105261972458265096653500968*n + 1234053116433589313179892236)/15132094747964866560 + 1480469575/7
    s^1y^2x^2(n)    ->  n*(64636506276951490560*n**6 + 3037915795016719979775*n**5 + 68263332462491544446040*n**4 + 14460848046821992632358248*n**3 + 647563791775855172608006166*n**2 + 9389446837484137687014869281*n + 30831140274720343943048558058)/136188852731683799040
    s^2y^1x^1(n)    ->  n*(258546025107805962240*n**7 + 13300756624990461953088*n**6 + 350103237258328251782553*n**5 + 92212259252653458694483029*n**4 + 5028844812067178650786788951*n**3 + 91621046147338098916682574047*n**2 + 393164950419104134655090825040*n + 684780114641096858462128588)/1634266232780205588480
    s^3(n)    ->  n*(28727336123089551360*n**8 + 1694912831262283489416*n**7 + 51352621262065063614483*n**6 + 15402604940141252886834516*n**5 + 1017067981191203704552588434*n**4 + 23453974022398849776643340108*n**3 + 138354730264234625948151017703*n**2 + 689287078311022012330264216*n + 217444310418177078132276)/544755410926735196160
 Solution found
   s^3  =  n*(28727336123089551360*n**8 + 1694912831262283489416*n**7 + 51352621262065063614483*n**6 + 15402604940141252886834516*n**5 + 1017067981191203704552588434*n**4 + 23453974022398849776643340108*n**3 + 138354730264234625948151017703*n**2 + 689287078311022012330264216*n + 217444310418177078132276)/544755410926735196160
 Solution found
   s^2y^1  =  n*(86182008369268654080*n**6 + 3179158530955243643016*n**5 + 62791572912601960336707*n**4 + 14340037380440086994268681*n**3 + 714861926669383674236648167*n**2 + 10624676671566814749169775967*n + 12892375166991895620255686)/408566558195051397120
 Solution found
   y^1x^2  =  n*(7599824371187712*n**2 + 46443371157258237*n + 650770146155036669)/9007199254740992 + 300763/27
 Solution found
   s^2  =  n*(455989462271262720*n**5 + 9423782220272762664*n**4 + 203709070145035957095*n**3 + 57410077602668880055938*n**2 + 1591078821164248048059377*n + 308620423464631658926)/3242591731706757120
 Solution found
   s^1y^2x^1  =  n*(21545502092317163520*n**5 + 699031845661845741255*n**4 + 10938731210425321157610*n**3 + 1931864872464833731115733*n**2 + 76078614465282839044413290*n + 869214283661784342114873784)/34047213182920949760
 Solution found
   y^2x^1  =  n*(27*n**2 + 219*n + 1142)/16 + 4741/5
 Solution found
   s^1x^2  =  n*(68398419340689408*n**4 + 1459166279268040623*n**3 + 21656966183094583233*n**2 + 6837912141628612539545*n + 31969885070599848458959)/324259173170675712
 Solution found
   y^2x^2  =  n*(1025976290110341120*n**3 + 15275646986087300715*n**2 + 187196340636305322255*n + 28660562940264389274674)/810647932926689280 + 21282349/45
 Solution found
   y^1x^1  =  3*n*(3*n - 1)/8 + 67/3
 Solution found
   s^2y^1x^1  =  n*(258546025107805962240*n**7 + 13300756624990461953088*n**6 + 350103237258328251782553*n**5 + 92212259252653458694483029*n**4 + 5028844812067178650786788951*n**3 + 91621046147338098916682574047*n**2 + 393164950419104134655090825040*n + 684780114641096858462128588)/1634266232780205588480
 Solution found
   s^1y^1  =  n*(45*n**3 + 425*n**2 + 4765*n + 77561)/80
 Solution found
   y^3x^1  =  n*(405*n**3 + 9720*n**2 + 39105*n + 870154)/160 + 350407/7
 Solution found
   s^1y^2  =  n*(2835*n**4 + 71820*n**3 + 549885*n**2 + 14904680*n + 171973204)/3360
 Solution found
   x^2  =  3*n*(844424930131968*n + 4034474666186069)/4503599627370496 + 67/3
 Solution found
   s^2x^1  =  n*(4103905160441364480*n**6 + 143180691153176488896*n**5 + 3345746681171678264487*n**4 + 1107844655055022230794835*n**3 + 35274730214204035172138879*n**2 + 176329580536168388310923085*n + 77970250643312533625146)/38911100780481085440
 Solution found
   s^1y^2x^2  =  n*(64636506276951490560*n**6 + 3037915795016719979775*n**5 + 68263332462491544446040*n**4 + 14460848046821992632358248*n**3 + 647563791775855172608006166*n**2 + 9389446837484137687014869281*n + 30831140274720343943048558058)/136188852731683799040
 Solution found
   y^3x^3  =  n*(21545502092317163520*n**5 + 983911262215817108565*n**4 + 18569828858900470212600*n**3 + 2813413631569287347895903*n**2 + 105261972458265096653500968*n + 1234053116433589313179892236)/15132094747964866560 + 1480469575/7
 Solution found
   x^1  =  3*n/4 - 1
 Solution found
   y^3x^2  =  n*(21545502092317163520*n**4 + 670304509538756189895*n**3 + 7904007341644499957340*n**2 + 976000675959541975176567*n + 31398528183577829265131422)/11349071060973649920 + 1572977023/63
 Solution found
   s^1y^1x^1  =  n*(113997365567815680*n**4 + 1849290596989009875*n**3 + 32950868148632944125*n**2 + 7160173405414596016671*n + 130222504774491642526709)/270215977642229760
 Solution found
   s^1  =  n*(9*n**2 + 9*n + 536)/24
 Solution found
   y^2x^3  =  n*(1025976290110341120*n**4 + 29867309778767706945*n**3 + 433379984766979267350*n**2 + 84955347739113009667611*n + 1495416680410269063949502)/1080863910568919040 + 4006145
 Solution found
   s^1x^1  =  n*(68398419340689408*n**3 + 509188232869576677*n**2 + 11483334624864632751*n + 2716001308402044108746)/243194379878006784
 Solution found
   y^1x^3  =  n*(68398419340689408*n**3 + 1367968386813788079*n**2 + 12440912495634284625*n + 2730931585591707433544)/108086391056891904 + 283075/3
 Solution found
   s^1y^1x^2  =  n*(1025976290110341120*n**5 + 31235278165581495105*n**4 + 597042202600506643110*n**3 + 162754982325292380365917*n**2 + 3728627506923801758296354*n + 13840789764572869958158378)/3242591731706757120

Moment based invariants for program stuttering-d, with invariants over [w**3, v**3, y**3, x**3, f**3, s**3]:
 E[w^3] = 136
 E[v^3] = 17
 E[y^1] = 3*n/2 + 1
 E[y^2] = n*(9*n + 79)/4 + 67/3
 E[y^3] = 3*n*(9*n**2 + 219*n + 464)/8 + 65
 E[x^1] = 3*n/4 - 1
 E[x^2] = 3*n*(844424930131968*n + 4034474666186069)/4503599627370496 + 67/3
 E[x^3] = 27*n*(281474976710656*n**2 + 5160374573028693*n + 27084147759047567)/18014398509481984 - 65
 E[f^3] = 3/4
 E[y^1x^1] = 3*n*(3*n - 1)/8 + 67/3
 E[s^1] = n*(9*n**2 + 9*n + 536)/24
 E[y^2x^1] = n*(27*n**2 + 219*n + 1142)/16 + 4741/5
 E[s^1y^1] = n*(45*n**3 + 425*n**2 + 4765*n + 77561)/80
 E[y^1x^2] = n*(7599824371187712*n**2 + 46443371157258237*n + 650770146155036669)/9007199254740992 + 300763/27
 E[s^1x^1] = n*(68398419340689408*n**3 + 509188232869576677*n**2 + 11483334624864632751*n + 2716001308402044108746)/243194379878006784
 E[y^2x^2] = n*(1025976290110341120*n**3 + 15275646986087300715*n**2 + 187196340636305322255*n + 28660562940264389274674)/810647932926689280 + 21282349/45
 E[s^1y^1x^1] = n*(113997365567815680*n**4 + 1849290596989009875*n**3 + 32950868148632944125*n**2 + 7160173405414596016671*n + 130222504774491642526709)/270215977642229760
 E[s^2] = n*(455989462271262720*n**5 + 9423782220272762664*n**4 + 203709070145035957095*n**3 + 57410077602668880055938*n**2 + 1591078821164248048059377*n + 308620423464631658926)/3242591731706757120
 E[y^3x^1] = n*(405*n**3 + 9720*n**2 + 39105*n + 870154)/160 + 350407/7
 E[s^1y^2] = n*(2835*n**4 + 71820*n**3 + 549885*n**2 + 14904680*n + 171973204)/3360
 E[y^3x^2] = n*(21545502092317163520*n**4 + 670304509538756189895*n**3 + 7904007341644499957340*n**2 + 976000675959541975176567*n + 31398528183577829265131422)/11349071060973649920 + 1572977023/63
 E[s^1y^2x^1] = n*(21545502092317163520*n**5 + 699031845661845741255*n**4 + 10938731210425321157610*n**3 + 1931864872464833731115733*n**2 + 76078614465282839044413290*n + 869214283661784342114873784)/34047213182920949760
 E[s^2y^1] = n*(86182008369268654080*n**6 + 3179158530955243643016*n**5 + 62791572912601960336707*n**4 + 14340037380440086994268681*n**3 + 714861926669383674236648167*n**2 + 10624676671566814749169775967*n + 12892375166991895620255686)/408566558195051397120
 E[y^1x^3] = n*(68398419340689408*n**3 + 1367968386813788079*n**2 + 12440912495634284625*n + 2730931585591707433544)/108086391056891904 + 283075/3
 E[s^1x^2] = n*(68398419340689408*n**4 + 1459166279268040623*n**3 + 21656966183094583233*n**2 + 6837912141628612539545*n + 31969885070599848458959)/324259173170675712
 E[y^2x^3] = n*(1025976290110341120*n**4 + 29867309778767706945*n**3 + 433379984766979267350*n**2 + 84955347739113009667611*n + 1495416680410269063949502)/1080863910568919040 + 4006145
 E[s^1y^1x^2] = n*(1025976290110341120*n**5 + 31235278165581495105*n**4 + 597042202600506643110*n**3 + 162754982325292380365917*n**2 + 3728627506923801758296354*n + 13840789764572869958158378)/3242591731706757120
 E[s^2x^1] = n*(4103905160441364480*n**6 + 143180691153176488896*n**5 + 3345746681171678264487*n**4 + 1107844655055022230794835*n**3 + 35274730214204035172138879*n**2 + 176329580536168388310923085*n + 77970250643312533625146)/38911100780481085440
 E[y^3x^3] = n*(21545502092317163520*n**5 + 983911262215817108565*n**4 + 18569828858900470212600*n**3 + 2813413631569287347895903*n**2 + 105261972458265096653500968*n + 1234053116433589313179892236)/15132094747964866560 + 1480469575/7
 E[s^1y^2x^2] = n*(64636506276951490560*n**6 + 3037915795016719979775*n**5 + 68263332462491544446040*n**4 + 14460848046821992632358248*n**3 + 647563791775855172608006166*n**2 + 9389446837484137687014869281*n + 30831140274720343943048558058)/136188852731683799040
 E[s^2y^1x^1] = n*(258546025107805962240*n**7 + 13300756624990461953088*n**6 + 350103237258328251782553*n**5 + 92212259252653458694483029*n**4 + 5028844812067178650786788951*n**3 + 91621046147338098916682574047*n**2 + 393164950419104134655090825040*n + 684780114641096858462128588)/1634266232780205588480
 E[s^3] = n*(28727336123089551360*n**8 + 1694912831262283489416*n**7 + 51352621262065063614483*n**6 + 15402604940141252886834516*n**5 + 1017067981191203704552588434*n**4 + 23453974022398849776643340108*n**3 + 138354730264234625948151017703*n**2 + 689287078311022012330264216*n + 217444310418177078132276)/544755410926735196160
Computation time 26.070864479999727s.
