setting goal:  1
 --- MBRecs --- 
    y  =  y + 3/2
    f  =  3/4
    v  =  1
    s  =  x + y + 9/4
    w  =  2
    x  =  x + 3/4

 Solving for y^1  with initial condition y^1(0) = 1
    y^1(n)    ->  3*n/2 + 1
 Solution found
   y^1  =  3*n/2 + 1
 Solving for f^1  with initial condition f^1(0) = 0
    f^1(n)    ->  3/4
 Solution found
   f^1  =  3/4
 Solving for v^1  with initial condition v^1(0) = 0
    v^1(n)    ->  1
 Solution found
   v^1  =  1
 Solving for s^1  with initial condition s^1(0) = 0
 Solving for x^1  with initial condition x^1(0) = -1
    x^1(n)    ->  3*n/4 - 1
    s^1(n)    ->  9*n/4
 Solution found
   s^1  =  9*n/4
 Solving for w^1  with initial condition w^1(0) = 0
    w^1(n)    ->  2
 Solution found
   w^1  =  2
 Solution found
   x^1  =  3*n/4 - 1

Moment based invariants for program stuttering-a, with invariants over [x, y, f, v, w, s]:
 E[y^1] = 3*n/2 + 1
 E[f^1] = 3/4
 E[v^1] = 1
 E[x^1] = 3*n/4 - 1
 E[s^1] = 9*n/4
 E[w^1] = 2
Computation time 0.2919046930001059s.
