setting goal:  2
 --- MBRecs --- 
    x**2  =  x**2 + 3*x/2 + 21392098230009855/4503599627370496
    f**2  =  3/4
    s**2  =  s**2 + 2*s*x*y + 3*s*x + 3*s*y/2 + 3*s + x**2*y**2 + 3*x**2*y + 19*x**2 + 3*x*y**2/2 + 6*x*y + 38*x + 21392098230009855*y**2/4503599627370496 + 21392098230009855*y/1125899906842624 + 135483288790062415/1125899906842624
    v**2  =  7130699410003285/1125899906842624
    y  =  y + 3/2
    y**2  =  y**2 + 3*y + 19
    s*y  =  s*y + 3*s/2 + x*y**2 + 3*x*y + 19*x + 3*y**2/4 + 3*y + 19
    x**2*y**2  =  x**2*y**2 + 3*x**2*y + 19*x**2 + 3*x*y**2/2 + 6*x*y + 38*x + 21392098230009855*y**2/4503599627370496 + 21392098230009855*y/1125899906842624 + 135483288790062415/1125899906842624
    s  =  s + x*y + 3*x/2 + 3*y/4 + 3/2
    x**2*y  =  x**2*y + 3*x**2/2 + 3*x*y/2 + 3*x + 21392098230009855*y/4503599627370496 + 21392098230009855/2251799813685248
    s*x  =  s*x + 3*s/4 + x**2*y + 3*x**2/2 + 3*x*y/2 + 3*x + 21392098230009855*y/4503599627370496 + 21392098230009855/2251799813685248
    x*y**2  =  x*y**2 + 3*x*y + 19*x + 3*y**2/4 + 3*y + 19
    s*x*y  =  s*x*y + 3*s*x/2 + 3*s*y/4 + 3*s/2 + x**2*y**2 + 3*x**2*y + 19*x**2 + 3*x*y**2/2 + 6*x*y + 38*x + 21392098230009855*y**2/4503599627370496 + 21392098230009855*y/1125899906842624 + 135483288790062415/1125899906842624
    x  =  x + 3/4
    w**2  =  76/3
    x*y  =  x*y + 3*x/2 + 3*y/4 + 3/2

 Solving for x^2  with initial condition x^2(0) = 67/3
 Solving for x^1  with initial condition x^1(0) = -1
    x^1(n)    ->  3*n/4 - 1
    x^2(n)    ->  3*n*(844424930131968*n + 4034474666186069)/4503599627370496 + 67/3
 Solution found
   x^2  =  3*n*(844424930131968*n + 4034474666186069)/4503599627370496 + 67/3
 Solving for f^2  with initial condition f^2(0) = 0
    f^2(n)    ->  3/4
 Solution found
   f^2  =  3/4
 Solving for s^2  with initial condition s^2(0) = 0
 Solving for s^1y^1x^1  with initial condition s^1y^1x^1(0) = 0
 Solving for s^1y^1  with initial condition s^1y^1(0) = 0
 Solving for s^1  with initial condition s^1(0) = 0
 Solving for y^1x^1  with initial condition y^1x^1(0) = 67/3
 Solving for y^1  with initial condition y^1(0) = 1
    y^1(n)    ->  3*n/2 + 1
    y^1x^1(n)    ->  3*n*(3*n - 1)/8 + 67/3
    s^1(n)    ->  n*(9*n**2 + 9*n + 536)/24
 Solving for y^2x^1  with initial condition y^2x^1(0) = 4741/5
 Solving for y^2  with initial condition y^2(0) = 67/3
    y^2(n)    ->  n*(9*n + 79)/4 + 67/3
    y^2x^1(n)    ->  n*(27*n**2 + 219*n + 1142)/16 + 4741/5
    s^1y^1(n)    ->  n*(45*n**3 + 425*n**2 + 4765*n + 77561)/80
 Solving for s^1x^1  with initial condition s^1x^1(0) = 0
 Solving for y^1x^2  with initial condition y^1x^2(0) = 300763/27
    y^1x^2(n)    ->  n*(7599824371187712*n**2 + 46443371157258237*n + 650770146155036669)/9007199254740992 + 300763/27
    s^1x^1(n)    ->  n*(68398419340689408*n**3 + 509188232869576677*n**2 + 11483334624864632751*n + 2716001308402044108746)/243194379878006784
 Solving for y^2x^2  with initial condition y^2x^2(0) = 21282349/45
    y^2x^2(n)    ->  n*(1025976290110341120*n**3 + 15275646986087300715*n**2 + 187196340636305322255*n + 28660562940264389274674)/810647932926689280 + 21282349/45
    s^1y^1x^1(n)    ->  n*(113997365567815680*n**4 + 1849290596989009875*n**3 + 32950868148632944125*n**2 + 7160173405414596016671*n + 130222504774491642526709)/270215977642229760
    s^2(n)    ->  n*(455989462271262720*n**5 + 9423782220272762664*n**4 + 203709070145035957095*n**3 + 57410077602668880055938*n**2 + 1591078821164248048059377*n + 308620423464631658926)/3242591731706757120
 Solution found
   s^2  =  n*(455989462271262720*n**5 + 9423782220272762664*n**4 + 203709070145035957095*n**3 + 57410077602668880055938*n**2 + 1591078821164248048059377*n + 308620423464631658926)/3242591731706757120
 Solving for v^2  with initial condition v^2(0) = 0
    v^2(n)    ->  7130699410003285/1125899906842624
 Solution found
   v^2  =  7130699410003285/1125899906842624
 Solution found
   y^1  =  3*n/2 + 1
 Solution found
   y^2  =  n*(9*n + 79)/4 + 67/3
 Solution found
   s^1y^1  =  n*(45*n**3 + 425*n**2 + 4765*n + 77561)/80
 Solution found
   y^2x^2  =  n*(1025976290110341120*n**3 + 15275646986087300715*n**2 + 187196340636305322255*n + 28660562940264389274674)/810647932926689280 + 21282349/45
 Solution found
   s^1  =  n*(9*n**2 + 9*n + 536)/24
 Solution found
   y^1x^2  =  n*(7599824371187712*n**2 + 46443371157258237*n + 650770146155036669)/9007199254740992 + 300763/27
 Solution found
   s^1x^1  =  n*(68398419340689408*n**3 + 509188232869576677*n**2 + 11483334624864632751*n + 2716001308402044108746)/243194379878006784
 Solution found
   y^2x^1  =  n*(27*n**2 + 219*n + 1142)/16 + 4741/5
 Solution found
   s^1y^1x^1  =  n*(113997365567815680*n**4 + 1849290596989009875*n**3 + 32950868148632944125*n**2 + 7160173405414596016671*n + 130222504774491642526709)/270215977642229760
 Solution found
   x^1  =  3*n/4 - 1
 Solving for w^2  with initial condition w^2(0) = 0
    w^2(n)    ->  76/3
 Solution found
   w^2  =  76/3
 Solution found
   y^1x^1  =  3*n*(3*n - 1)/8 + 67/3

Moment based invariants for program stuttering-d, with invariants over [x**2, f**2, s**2, v**2, y**2, w**2]:
 E[x^1] = 3*n/4 - 1
 E[x^2] = 3*n*(844424930131968*n + 4034474666186069)/4503599627370496 + 67/3
 E[f^2] = 3/4
 E[y^1] = 3*n/2 + 1
 E[y^1x^1] = 3*n*(3*n - 1)/8 + 67/3
 E[s^1] = n*(9*n**2 + 9*n + 536)/24
 E[y^2] = n*(9*n + 79)/4 + 67/3
 E[y^2x^1] = n*(27*n**2 + 219*n + 1142)/16 + 4741/5
 E[s^1y^1] = n*(45*n**3 + 425*n**2 + 4765*n + 77561)/80
 E[y^1x^2] = n*(7599824371187712*n**2 + 46443371157258237*n + 650770146155036669)/9007199254740992 + 300763/27
 E[s^1x^1] = n*(68398419340689408*n**3 + 509188232869576677*n**2 + 11483334624864632751*n + 2716001308402044108746)/243194379878006784
 E[y^2x^2] = n*(1025976290110341120*n**3 + 15275646986087300715*n**2 + 187196340636305322255*n + 28660562940264389274674)/810647932926689280 + 21282349/45
 E[s^1y^1x^1] = n*(113997365567815680*n**4 + 1849290596989009875*n**3 + 32950868148632944125*n**2 + 7160173405414596016671*n + 130222504774491642526709)/270215977642229760
 E[s^2] = n*(455989462271262720*n**5 + 9423782220272762664*n**4 + 203709070145035957095*n**3 + 57410077602668880055938*n**2 + 1591078821164248048059377*n + 308620423464631658926)/3242591731706757120
 E[v^2] = 7130699410003285/1125899906842624
 E[w^2] = 76/3
Computation time 8.613411725000333s.
