setting goal:  3
 --- MBRecs --- 
    w**3  =  8*d**2 + 8
    f**3  =  3/4
    x**3  =  3*d**2/4 + x**3 + 9*x**2/4 + x*(3*d**2/4 + 9/4) + 3/4
    y**3  =  6*d**2 + y**3 + 9*y**2/2 + y*(3*d**2 + 9) + 6
    s**3  =  45*d**2/4 + x**3 + 3*x**2*y + 27*x**2/4 + 3*x*y**2 + 27*x*y/2 + x*(15*d**2/4 + 81/4) + y**3 + 27*y**2/4 + y*(15*d**2/4 + 81/4) + 81/4
    y  =  y + 3/2
    v**3  =  d**2 + 1
    x  =  x + 3/4
    x**2  =  d**2/4 + x**2 + 3*x/2 + 3/4
    y**2  =  d**2 + y**2 + 3*y + 3
    x*y**2  =  d**2 + x*y**2 + 3*x*y + x*(d**2 + 3) + 3*y**2/4 + 3*y + 3
    x*y  =  x*y + 3*x/2 + 3*y/4 + 3/2
    x**2*y  =  d**2/2 + x**2*y + 3*x**2/2 + 3*x*y/2 + 3*x + y*(d**2/4 + 3/4) + 3/2

 Solving for w^3  with initial condition w^3(0) = 0
    w^3(n)    ->  8*d**2 + 8
 Solution found
   w^3  =  8*d**2 + 8
 Solving for f^3  with initial condition f^3(0) = 0
    f^3(n)    ->  3/4
 Solution found
   f^3  =  3/4
 Solving for x^3  with initial condition x^3(0) = -1
 Solving for x^2  with initial condition x^2(0) = 1
 Solving for x^1  with initial condition x^1(0) = -1
    x^1(n)    ->  3*n/4 - 1
    x^2(n)    ->  n*(4*d**2 + 9*n - 21)/16 + 1
    x^3(n)    ->  3*n*(12*d**2*n - 12*d**2 + 9*n**2 - 27*n + 34)/64 - 1
 Solution found
   x^3  =  3*n*(12*d**2*n - 12*d**2 + 9*n**2 - 27*n + 34)/64 - 1
 Solving for y^3  with initial condition y^3(0) = 1
 Solving for y^2  with initial condition y^2(0) = 1
 Solving for y^1  with initial condition y^1(0) = 1
    y^1(n)    ->  3*n/2 + 1
    y^2(n)    ->  n*(4*d**2 + 9*n + 15)/4 + 1
    y^3(n)    ->  3*n*(12*d**2*n + 12*d**2 + 9*n**2 + 27*n + 16)/8 + 1
 Solution found
   y^3  =  3*n*(12*d**2*n + 12*d**2 + 9*n**2 + 27*n + 16)/8 + 1
 Solving for s^3  with initial condition s^3(0) = 0
 Solving for y^2x^1  with initial condition y^2x^1(0) = 1
 Solving for y^1x^1  with initial condition y^1x^1(0) = 1
    y^1x^1(n)    ->  3*n*(3*n - 1)/8 + 1
    y^2x^1(n)    ->  3*n*(4*d**2*n - 4*d**2 + 9*n**2 + 9*n + 18)/16 + 1
 Solving for y^1x^2  with initial condition y^1x^2(0) = 1
    y^1x^2(n)    ->  3*n*(4*d**2*n + 4*d**2 + 9*n**2 - 9*n + 24)/32 + 1
    s^3(n)    ->  45*d**2/4 + (15*d**2/4 + 81/4)*(3*n/4 - 7/4) + (15*d**2/4 + 81/4)*(3*n/2 - 1/2) + 81*(n - 1)*(3*n - 4)/16 + 27*(n - 1)*(4*d**2 + 9*n - 30)/64 + 27*(n - 1)*(4*d**2 + 9*n + 6)/16 + 9*(n - 1)*(4*d**2*(n - 1) - 4*d**2 + 9*n + 9*(n - 1)**2 + 9)/16 + 9*(n - 1)*(4*d**2*(n - 1) + 4*d**2 - 9*n + 9*(n - 1)**2 + 33)/32 + 3*(n - 1)*(12*d**2*(n - 1) - 12*d**2 - 27*n + 9*(n - 1)**2 + 61)/64 + 3*(n - 1)*(12*d**2*(n - 1) + 12*d**2 + 27*n + 9*(n - 1)**2 - 11)/8 + 213/4
 Solution found
   s^3  =  45*d**2/4 + (15*d**2/4 + 81/4)*(3*n/4 - 7/4) + (15*d**2/4 + 81/4)*(3*n/2 - 1/2) + 81*(n - 1)*(3*n - 4)/16 + 27*(n - 1)*(4*d**2 + 9*n - 30)/64 + 27*(n - 1)*(4*d**2 + 9*n + 6)/16 + 9*(n - 1)*(4*d**2*(n - 1) - 4*d**2 + 9*n + 9*(n - 1)**2 + 9)/16 + 9*(n - 1)*(4*d**2*(n - 1) + 4*d**2 - 9*n + 9*(n - 1)**2 + 33)/32 + 3*(n - 1)*(12*d**2*(n - 1) - 12*d**2 - 27*n + 9*(n - 1)**2 + 61)/64 + 3*(n - 1)*(12*d**2*(n - 1) + 12*d**2 + 27*n + 9*(n - 1)**2 - 11)/8 + 213/4
 Solution found
   y^1  =  3*n/2 + 1
 Solving for v^3  with initial condition v^3(0) = 0
    v^3(n)    ->  d**2 + 1
 Solution found
   v^3  =  d**2 + 1
 Solution found
   x^1  =  3*n/4 - 1
 Solution found
   x^2  =  n*(4*d**2 + 9*n - 21)/16 + 1
 Solution found
   y^2  =  n*(4*d**2 + 9*n + 15)/4 + 1
 Solution found
   y^2x^1  =  3*n*(4*d**2*n - 4*d**2 + 9*n**2 + 9*n + 18)/16 + 1
 Solution found
   y^1x^1  =  3*n*(3*n - 1)/8 + 1
 Solution found
   y^1x^2  =  3*n*(4*d**2*n + 4*d**2 + 9*n**2 - 9*n + 24)/32 + 1

Moment based invariants for program stuttering-a, with invariants over [w**3, f**3, x**3, y**3, s**3, v**3]:
 E[w^3] = 8*d**2 + 8
 E[f^3] = 3/4
 E[x^1] = 3*n/4 - 1
 E[x^2] = n*(4*d**2 + 9*n - 21)/16 + 1
 E[x^3] = 3*n*(12*d**2*n - 12*d**2 + 9*n**2 - 27*n + 34)/64 - 1
 E[y^1] = 3*n/2 + 1
 E[y^2] = n*(4*d**2 + 9*n + 15)/4 + 1
 E[y^3] = 3*n*(12*d**2*n + 12*d**2 + 9*n**2 + 27*n + 16)/8 + 1
 E[y^1x^1] = 3*n*(3*n - 1)/8 + 1
 E[y^2x^1] = 3*n*(4*d**2*n - 4*d**2 + 9*n**2 + 9*n + 18)/16 + 1
 E[y^1x^2] = 3*n*(4*d**2*n + 4*d**2 + 9*n**2 - 9*n + 24)/32 + 1
 E[s^3] = 135*d**2*n**2/16 + 45*d**2*n/16 + 729*n**3/64 + 729*n**2/64 + 783*n/32 + 6
 E[v^3] = d**2 + 1
Computation time 3.3586609560006764s.
