setting goal:  3
 --- MBRecs --- 
    n**3  =  n**3 + 3*n**2 + 3*n + 1
    x**3  =  n**3/2 + 3*n**2*x/2 + 3*n**2/2 + 3*n*x**2/2 + 3*n*x + 3*n/2 + x**3 + 3*x**2/2 + 3*x/2 + 1/2
    x  =  n/2 + x + 1/2
    n**2*x  =  n**3/2 + n**2*x + 3*n**2/2 + 2*n*x + 3*n/2 + x + 1/2
    x**2  =  n**2/2 + n*x + n + x**2 + x + 1/2
    n*x**2  =  n**3/2 + n**2*x + 3*n**2/2 + n*x**2 + 2*n*x + 3*n/2 + x**2 + x + 1/2
    n**2  =  n**2 + 2*n + 1
    n*x  =  n**2/2 + n*x + n + x + 1/2
    n  =  n + 1

 Solving for n^3  with initial condition n^3(0) = 0
 Solving for n^2  with initial condition n^2(0) = 0
 Solving for n^1  with initial condition n^1(0) = 0
    n^1(n)    ->  n
    n^2(n)    ->  n**2
    n^3(n)    ->  n**3
 Solution found
   n^3  =  n**3
 Solving for x^3  with initial condition x^3(0) = 0
 Solving for x^2n^1  with initial condition x^2n^1(0) = 0
 Solving for x^2  with initial condition x^2(0) = 0
 Solving for x^1n^1  with initial condition x^1n^1(0) = 0
 Solving for x^1  with initial condition x^1(0) = 0
    x^1(n)    ->  n*(n + 1)/4
    x^1n^1(n)    ->  n**2*(n + 1)/4
    x^2(n)    ->  n*(3*n**3 + 10*n**2 + 9*n + 2)/48
 Solving for x^1n^2  with initial condition x^1n^2(0) = 0
    x^1n^2(n)    ->  n**3*(n + 1)/4
    x^2n^1(n)    ->  n**2*(3*n**3 + 10*n**2 + 9*n + 2)/48
    x^3(n)    ->  n**2*(n**4 + 7*n**3 + 13*n**2 + 9*n + 2)/64
 Solution found
   x^3  =  n**2*(n**4 + 7*n**3 + 13*n**2 + 9*n + 2)/64
 Solution found
   x^1  =  n*(n + 1)/4
 Solution found
   x^1n^2  =  n**3*(n + 1)/4
 Solution found
   x^2  =  n*(3*n**3 + 10*n**2 + 9*n + 2)/48
 Solution found
   x^2n^1  =  n**2*(3*n**3 + 10*n**2 + 9*n + 2)/48
 Solution found
   n^2  =  n**2
 Solution found
   x^1n^1  =  n**2*(n + 1)/4
 Solution found
   n^1  =  n

Moment based invariants for program sum-rnd-series, with invariants over [n**3, x**3]:
 E[n^1] = n
 E[n^2] = n**2
 E[n^3] = n**3
 E[x^1] = n*(n + 1)/4
 E[x^1n^1] = n**2*(n + 1)/4
 E[x^2] = n*(3*n**3 + 10*n**2 + 9*n + 2)/48
 E[x^1n^2] = n**3*(n + 1)/4
 E[x^2n^1] = n**2*(3*n**3 + 10*n**2 + 9*n + 2)/48
 E[x^3] = n**2*(n**4 + 7*n**3 + 13*n**2 + 9*n + 2)/64
Computation time 2.5838644839986955s.
